<testsuite name="Mocha Tests" tests="110" failures="64" errors="64" skipped="-42" timestamp="2023-03-21T17:40:59" time="306.922">
<testcase classname="ActionLog" name="should cross out undone actions" time="2.021"/>
<testcase classname="ActionLog" name="should indicate that actions that cannot be redone are buried" time="0.503"/>
<testcase classname="ActionLog" name="should properly rebuild the action log on refresh" time="1.624"/>
<testcase classname="ActionLog" name="should indicate to the user when they cannot undo or redo" time="0.766"/>
<testcase classname="ActionLog" name="should show clickable tabular diffs" time="0.235"/>
<testcase classname="ActionLog" name="clickable tabular diffs should work across renames" time="2.766"/>
<testcase classname="ActionLog" name="should filter cell changes and renames by table" time="3.734"/>
<testcase classname="AttachmentsLinking" name="should fill in values determined by linking when uploading to the add row" time="1.293"/>
<testcase classname="ChoiceList" name="should support basic editing" time="6.515"/>
<testcase classname="ChoiceList" name="should be visible in formulas" time="1.696"/>
<testcase classname="ChoiceList" name="should allow adding new values" time="1.893"/>
<testcase classname="ChoiceList" name="should allow reasonable conversions between ChoiceList and other types" time="4.605"/>
<testcase classname="ChoiceList" name="should allow ChoiceList conversions for column used in summary" time="4.192"/>
<testcase classname="ChoiceList" name="should keep choices when converting between Choice and ChoiceList" time="2.993"/>
<testcase classname="ChoiceList" name="should allow setting choice style" time="1.286"/>
<testcase classname="ChoiceList" name="should support undo/redo shortcuts in the choice config editor" time="0.231"><failure message="expected [ Array(7) ] to deeply equal [ Array(6) ]"><![CDATA[AssertionError: expected [ Array(7) ] to deeply equal [ Array(6) ]
    at Context.&#x3C;anonymous&#x3E; (test/nbrowser/ChoiceList.ts:695:12)
    at runMicrotasks (&#x3C;anonymous&#x3E;)
    at processTicksAndRejections (node:internal/process/task_queues:96:5)]]></failure></testcase>
<testcase classname="ChoiceList" name="should support rich copy/paste in the choice config editor" time="0.239"><failure message="expected [ Array(8) ] to deeply equal []"><![CDATA[AssertionError: expected [ Array(8) ] to deeply equal []
    at Context.&#x3C;anonymous&#x3E; (test/nbrowser/ChoiceList.ts:747:12)
    at runMicrotasks (&#x3C;anonymous&#x3E;)
    at processTicksAndRejections (node:internal/process/task_queues:96:5)]]></failure></testcase>
<testcase classname="ChoiceList" name="should add a new element on a fresh ChoiceList column" time="1.759"/>
<testcase classname="ChoiceList" name="should add a new element on a fresh Choice column" time="1.83"/>
<testcase classname="ChoiceList" name="should allow renaming tokens on ChoiceList column" time="3.222"><failure message="expected [ &#x27;bar&#x27;, &#x27;eight&#x27;, &#x27;four&#x27; ] to deeply equal [ &#x27;foo&#x27;, &#x27;three&#x27;, &#x27;two&#x27; ]"><![CDATA[AssertionError: expected [ &#x27;bar&#x27;, &#x27;eight&#x27;, &#x27;four&#x27; ] to deeply equal [ &#x27;foo&#x27;, &#x27;three&#x27;, &#x27;two&#x27; ]
    at gu.revertChanges.gu.getVisibleGridCells.rowNums (test/nbrowser/ChoiceList.ts:826:14)
    at runMicrotasks (&#x3C;anonymous&#x3E;)
    at processTicksAndRejections (node:internal/process/task_queues:96:5)
    at Context.&#x3C;anonymous&#x3E; (test/nbrowser/gristUtils.ts:1311:7)]]></failure></testcase>
<testcase classname="ChoiceList" name="should allow renaming tokens on Choice column" time="2.944"><failure message="expected [ &#x27;bar&#x27;, &#x27;eight&#x27;, &#x27;four&#x27; ] to deeply equal [ &#x27;foo&#x27;, &#x27;three&#x27;, &#x27;two&#x27; ]"><![CDATA[AssertionError: expected [ &#x27;bar&#x27;, &#x27;eight&#x27;, &#x27;four&#x27; ] to deeply equal [ &#x27;foo&#x27;, &#x27;three&#x27;, &#x27;two&#x27; ]
    at gu.revertChanges.gu.getVisibleGridCells.rowNums (test/nbrowser/ChoiceList.ts:826:14)
    at runMicrotasks (&#x3C;anonymous&#x3E;)
    at processTicksAndRejections (node:internal/process/task_queues:96:5)
    at Context.&#x3C;anonymous&#x3E; (test/nbrowser/gristUtils.ts:1311:7)]]></failure></testcase>
<testcase classname="ChoiceList" name="should allow renaming multiple tokens on ChoiceList" time="1.805"/>
<testcase classname="ChoiceList" name="should rename saved filters" time="4.105"/>
<testcase classname="CustomView" name="should receive friendly types when reading data from Grist" time="5.284"/>
<testcase classname="CustomView" name="respect access rules" time="6.408"/>
<testcase classname="CustomView with access level none" name="gets appropriate notification of row set changes" time="2.346"/>
<testcase classname="CustomView with access level none" name="gets notification of row changes and content changes" time="2.549"/>
<testcase classname="CustomView with access level none" name="allows switching to custom section by clicking inside it" time="0.421"/>
<testcase classname="CustomView with access level none" name="deals correctly with requests that require full access" time="0.674"/>
<testcase classname="CustomView with access level read table" name="gets appropriate notification of row set changes" time="2.001"/>
<testcase classname="CustomView with access level read table" name="gets notification of row changes and content changes" time="2.806"/>
<testcase classname="CustomView with access level read table" name="allows switching to custom section by clicking inside it" time="0.49"/>
<testcase classname="CustomView with access level read table" name="deals correctly with requests that require full access" time="0.72"/>
<testcase classname="CustomView with access level full" name="gets appropriate notification of row set changes" time="1.896"/>
<testcase classname="CustomView with access level full" name="gets notification of row changes and content changes" time="2.677"/>
<testcase classname="CustomView with access level full" name="allows switching to custom section by clicking inside it" time="0.436"/>
<testcase classname="CustomView with access level full" name="deals correctly with requests that require full access" time="1.021"/>
<testcase classname="CustomWidgets" name="should show widgets in dropdown" time="0.985"/>
<testcase classname="CustomWidgets" name="should switch between widgets" time="2.041"/>
<testcase classname="CustomWidgets" name="should show error message for invalid widget url list" time="1.803"/>
<testcase classname="CustomWidgets" name="should show widget when it was removed from list" time="0.626"/>
<testcase classname="CustomWidgets" name="should switch access level to none on new widget" time="2.261"/>
<testcase classname="CustomWidgets" name="should prompt for access change" time="2.043"/>
<testcase classname="CustomWidgets" name="should auto accept none access level" time="0.333"/>
<testcase classname="CustomWidgets" name="should show prompt when user switches sections" time="0.501"/>
<testcase classname="CustomWidgets" name="should hide prompt when user switches widget" time="0.396"/>
<testcase classname="CustomWidgets" name="should hide prompt when manually changes access level" time="1.594"/>
<testcase classname="CustomWidgets" name="should support grist.selectedTable" time="2.088"/>
<testcase classname="CustomWidgets" name="should support grist.getTable" time="0.423"/>
<testcase classname="CustomWidgets" name="should support grist.getAccessTokens" time="0.201"/>
<testcase classname="CustomWidgets" name="should offer only custom url when disabled" time="0.28"/>
<testcase classname="CustomWidgetsConfig" name="should render columns mapping" time="1.443"/>
<testcase classname="CustomWidgetsConfig" name="should render multiple mappings" time="6.304"/>
<testcase classname="CustomWidgetsConfig" name="should clear mappings on widget switch" time="1.739"/>
<testcase classname="CustomWidgetsConfig" name="should render multiple options" time="7.112"/>
<testcase classname="CustomWidgetsConfig" name="should remove mapping when column is deleted" time="8.136"/>
<testcase classname="CustomWidgetsConfig" name="should remove mapping when column type is changed" time="4.091"/>
<testcase classname="CustomWidgetsConfig" name="should not display options on grid, card, card list, chart" time="4.652"/>
<testcase classname="CustomWidgetsConfig" name="should indicate current state" time="4.041"/>
<testcase classname="CustomWidgetsConfig" name="should show options action button" time="0.801"/>
<testcase classname="CustomWidgetsConfig" name="should prompt user for correct access level" time="2.17"/>
<testcase classname="CustomWidgetsConfig" name="should pass readonly mode to custom widget" time="3.591"/>
<testcase classname="CustomWidgetsConfig with none access" name="should get null options" time="1.278"><failure message="Wait timed out after 1121ms"><![CDATA[TimeoutError: Wait timed out after 1121ms
    at /home/camille/Documents/Workspace/grist-core/node_modules/mocha-webdriver/node_modules/selenium-webdriver/lib/webdriver.js:894:17
    at runMicrotasks (&#x3C;anonymous&#x3E;)
    at processTicksAndRejections (node:internal/process/task_queues:96:5)
    at [enhanced] Widget.onOptions (test/nbrowser/CustomWidgetsConfig.ts:265:20)
    at [enhanced] runMicrotasks (&#x3C;anonymous&#x3E;)
    at [enhanced] processTicksAndRejections (node:internal/process/task_queues:96:5)
    at [enhanced] Context.&#x3C;anonymous&#x3E; (test/nbrowser/CustomWidgetsConfig.ts:816:22)]]></failure></testcase>
<testcase classname="CustomWidgetsConfig" name="&#x22;before each&#x22; hook for &#x22;should save config options and inform about it the main widget&#x22;" time="0.014"><failure message="no such element: Unable to locate element: {&#x22;method&#x22;:&#x22;css selector&#x22;,&#x22;selector&#x22;:&#x22;.test-config-widget-select .test-select-open&#x22;}
  (Session info: chrome=110.0.5481.77)
  (Driver info: chromedriver=74.0.3729.6 (255758eccf3d244491b8a1317aa76e1ce10d57e9-refs/branch-heads/3729@{#29}),platform=Linux 5.4.0-120-generic x86_64)"><![CDATA[NoSuchElementError: no such element: Unable to locate element: {&#x22;method&#x22;:&#x22;css selector&#x22;,&#x22;selector&#x22;:&#x22;.test-config-widget-select .test-select-open&#x22;}
  (Session info: chrome=110.0.5481.77)
  (Driver info: chromedriver=74.0.3729.6 (255758eccf3d244491b8a1317aa76e1ce10d57e9-refs/branch-heads/3729@{#29}),platform=Linux 5.4.0-120-generic x86_64)
    at Object.checkLegacyResponse (node_modules/mocha-webdriver/node_modules/selenium-webdriver/lib/error.js:553:15)
    at parseHttpResponse (node_modules/mocha-webdriver/node_modules/selenium-webdriver/lib/http.js:663:13)
    at Executor.execute (node_modules/mocha-webdriver/node_modules/selenium-webdriver/lib/http.js:597:28)
    at runMicrotasks (&#x3C;anonymous&#x3E;)
    at processTicksAndRejections (node:internal/process/task_queues:96:5)
    at Driver.execute (node_modules/mocha-webdriver/node_modules/selenium-webdriver/lib/webdriver.js:731:17)
    at toWireValue (node_modules/mocha-webdriver/node_modules/selenium-webdriver/lib/webdriver.js:138:15)
    at /home/camille/Documents/Workspace/grist-core/node_modules/mocha-webdriver/node_modules/selenium-webdriver/lib/webdriver.js:188:16
    at forEachKey (node_modules/mocha-webdriver/node_modules/selenium-webdriver/lib/webdriver.js:182:9)
    at convertKeys (node_modules/mocha-webdriver/node_modules/selenium-webdriver/lib/webdriver.js:187:3)
    at Driver.execute (node_modules/mocha-webdriver/node_modules/selenium-webdriver/lib/webdriver.js:729:22)
    at Context.&#x3C;anonymous&#x3E; (test/nbrowser/CustomWidgetsConfig.ts:347:10)
    at [enhanced] Driver.findElement (node_modules/mocha-webdriver/node_modules/selenium-webdriver/lib/webdriver.js:982:17)
    at [enhanced] Driver.find (node_modules/mocha-webdriver/lib/webdriver-plus.ts:207:17)
    at [enhanced] currentWidget (test/nbrowser/CustomWidgetsConfig.ts:35:36)
    at [enhanced] Context.&#x3C;anonymous&#x3E; (test/nbrowser/CustomWidgetsConfig.ts:347:16)
    at [enhanced] wrapped.execute_ (node_modules/mocha-webdriver/node_modules/selenium-webdriver/lib/webdriver.js:2325:25)
    at [enhanced] wrapped.getText (node_modules/mocha-webdriver/node_modules/selenium-webdriver/lib/webdriver.js:2589:17)
    at [enhanced] currentWidget (test/nbrowser/CustomWidgetsConfig.ts:35:89)
    at [enhanced] Context.&#x3C;anonymous&#x3E; (test/nbrowser/CustomWidgetsConfig.ts:347:16)]]></failure></testcase>
<testcase classname="DescriptionColumn" name="should support basic edition" time="3.756"><failure message="no such element: Unable to locate element: {&#x22;method&#x22;:&#x22;css selector&#x22;,&#x22;selector&#x22;:&#x22;.test-right-tab-field&#x22;}
  (Session info: chrome=110.0.5481.77)
  (Driver info: chromedriver=74.0.3729.6 (255758eccf3d244491b8a1317aa76e1ce10d57e9-refs/branch-heads/3729@{#29}),platform=Linux 5.4.0-120-generic x86_64)"><![CDATA[NoSuchElementError: no such element: Unable to locate element: {&#x22;method&#x22;:&#x22;css selector&#x22;,&#x22;selector&#x22;:&#x22;.test-right-tab-field&#x22;}
  (Session info: chrome=110.0.5481.77)
  (Driver info: chromedriver=74.0.3729.6 (255758eccf3d244491b8a1317aa76e1ce10d57e9-refs/branch-heads/3729@{#29}),platform=Linux 5.4.0-120-generic x86_64)
    at Object.checkLegacyResponse (node_modules/mocha-webdriver/node_modules/selenium-webdriver/lib/error.js:553:15)
    at parseHttpResponse (node_modules/mocha-webdriver/node_modules/selenium-webdriver/lib/http.js:663:13)
    at Executor.execute (node_modules/mocha-webdriver/node_modules/selenium-webdriver/lib/http.js:597:28)
    at runMicrotasks (&#x3C;anonymous&#x3E;)
    at processTicksAndRejections (node:internal/process/task_queues:96:5)
    at Driver.execute (node_modules/mocha-webdriver/node_modules/selenium-webdriver/lib/webdriver.js:731:17)
    at toWireValue (node_modules/mocha-webdriver/node_modules/selenium-webdriver/lib/webdriver.js:138:15)
    at /home/camille/Documents/Workspace/grist-core/node_modules/mocha-webdriver/node_modules/selenium-webdriver/lib/webdriver.js:188:16
    at forEachKey (node_modules/mocha-webdriver/node_modules/selenium-webdriver/lib/webdriver.js:182:9)
    at convertKeys (node_modules/mocha-webdriver/node_modules/selenium-webdriver/lib/webdriver.js:187:3)
    at Driver.execute (node_modules/mocha-webdriver/node_modules/selenium-webdriver/lib/webdriver.js:729:22)
    at Context.&#x3C;anonymous&#x3E; (test/nbrowser/DescriptionColumn.ts:34:5)
    at [enhanced] Driver.findElement (node_modules/mocha-webdriver/node_modules/selenium-webdriver/lib/webdriver.js:982:17)
    at [enhanced] Driver.find (node_modules/mocha-webdriver/lib/webdriver-plus.ts:207:17)
    at [enhanced] Context.&#x3C;anonymous&#x3E; (test/nbrowser/DescriptionColumn.ts:34:18)
    at [enhanced] runMicrotasks (&#x3C;anonymous&#x3E;)
    at [enhanced] processTicksAndRejections (node:internal/process/task_queues:96:5)
    at [enhanced] wrapped.execute_ (node_modules/mocha-webdriver/node_modules/selenium-webdriver/lib/webdriver.js:2325:25)
    at [enhanced] wrapped.click (node_modules/mocha-webdriver/node_modules/selenium-webdriver/lib/webdriver.js:2405:17)
    at [enhanced] Context.&#x3C;anonymous&#x3E; (test/nbrowser/DescriptionColumn.ts:34:48)
    at [enhanced] runMicrotasks (&#x3C;anonymous&#x3E;)
    at [enhanced] processTicksAndRejections (node:internal/process/task_queues:96:5)]]></failure></testcase>
<testcase classname="DescriptionColumn" name="should show info tooltip only if there is a description" time="2.3"/>
<testcase classname="DuplicateDocument" name="should duplicate a document with the Duplicate-Document option" time="4.806"/>
<testcase classname="DuplicateDocument" name="should create a fork with Work-on-a-Copy option" time="1.301"/>
<testcase classname="DuplicateDocument" name="should allow saving the fork as a new copy" time="1.835"/>
<testcase classname="DuplicateDocument" name="should offer a choice of orgs when user is owner" time="0.947"/>
<testcase classname="DuplicateDocument" name="should not offer a choice of org when user is not owner" time="1.706"/>
<testcase classname="DuplicateDocument" name="should offer a choice of orgs when doc is public" time="4.991"/>
<testcase classname="DuplicateDocument" name="should allow saving a public doc to the personal org" time="3.676"/>
<testcase classname="Fork with urlId in url" name="can create an empty unsaved document when anonymous" time="4.548"/>
<testcase classname="Fork with urlId in url" name="can create an imported unsaved document when anonymous" time="0.578"><failure message="Request to http://localhost:8095/o/docs/api/docs failed with status 400: Bad Request (Failed to parse CSV file.
Error: RuntimeError Imports should use a Python 3 environment)"><![CDATA[Error: Request to http://localhost:8095/o/docs/api/docs failed with status 400: Bad Request (Failed to parse CSV file.
Error: RuntimeError Imports should use a Python 3 environment)
    at throwApiError (app/common/BaseAPI.ts:148:9)
    at UserAPIImpl.requestAxios (app/common/BaseAPI.ts:103:7)
    at runMicrotasks (&#x3C;anonymous&#x3E;)
    at processTicksAndRejections (node:internal/process/task_queues:96:5)
    at Function.countPendingRequest (app/common/BaseAPI.ts:26:14)
    at UserAPIImpl.importUnsavedDoc (app/common/UserAPI.ts:734:18)
    at Context.&#x3C;anonymous&#x3E; (test/nbrowser/Fork.ts:102:24)]]></failure></testcase>
<testcase classname="Fork with urlId in url" name="can create an empty unsaved document when logged in" time="3.485"/>
<testcase classname="Fork with urlId in url" name="can create an imported unsaved document when logged in" time="0.467"><failure message="Request to http://localhost:8095/o/test-grist/api/docs failed with status 400: Bad Request (Failed to parse CSV file.
Error: RuntimeError Imports should use a Python 3 environment)"><![CDATA[Error: Request to http://localhost:8095/o/test-grist/api/docs failed with status 400: Bad Request (Failed to parse CSV file.
Error: RuntimeError Imports should use a Python 3 environment)
    at throwApiError (app/common/BaseAPI.ts:148:9)
    at UserAPIImpl.requestAxios (app/common/BaseAPI.ts:103:7)
    at runMicrotasks (&#x3C;anonymous&#x3E;)
    at processTicksAndRejections (node:internal/process/task_queues:96:5)
    at Function.countPendingRequest (app/common/BaseAPI.ts:26:14)
    at UserAPIImpl.importUnsavedDoc (app/common/UserAPI.ts:734:18)
    at Context.&#x3C;anonymous&#x3E; (test/nbrowser/Fork.ts:102:24)]]></failure></testcase>
<testcase classname="Fork with urlId in url" name="&#x22;after each&#x22; hook for &#x22;can create an imported unsaved document when logged in&#x22;" time="0.006"><failure message="javascript error: window.getAppErrors is not a function
  (Session info: chrome=110.0.5481.77)
  (Driver info: chromedriver=74.0.3729.6 (255758eccf3d244491b8a1317aa76e1ce10d57e9-refs/branch-heads/3729@{#29}),platform=Linux 5.4.0-120-generic x86_64)"><![CDATA[JavascriptError: javascript error: window.getAppErrors is not a function
  (Session info: chrome=110.0.5481.77)
  (Driver info: chromedriver=74.0.3729.6 (255758eccf3d244491b8a1317aa76e1ce10d57e9-refs/branch-heads/3729@{#29}),platform=Linux 5.4.0-120-generic x86_64)
    at Object.checkLegacyResponse (node_modules/mocha-webdriver/node_modules/selenium-webdriver/lib/error.js:553:15)
    at parseHttpResponse (node_modules/mocha-webdriver/node_modules/selenium-webdriver/lib/http.js:663:13)
    at Executor.execute (node_modules/mocha-webdriver/node_modules/selenium-webdriver/lib/http.js:597:28)
    at runMicrotasks (&#x3C;anonymous&#x3E;)
    at processTicksAndRejections (node:internal/process/task_queues:96:5)
    at Driver.execute (node_modules/mocha-webdriver/node_modules/selenium-webdriver/lib/webdriver.js:731:17)
    at Object.checkForErrors (test/nbrowser/gristUtils.ts:1337:18)
    at [enhanced] Driver.executeScript (node_modules/mocha-webdriver/node_modules/selenium-webdriver/lib/webdriver.js:787:17)
    at [enhanced] Object.checkForErrors (test/nbrowser/gristUtils.ts:1337:31)
    at [enhanced] Context.&#x3C;anonymous&#x3E; (test/nbrowser/Fork.ts:87:26)
    at [enhanced] processImmediate (node:internal/timers:466:21)]]></failure></testcase>
<testcase classname="Fork with docId in url" name="can create an empty unsaved document when anonymous" time="4.339"/>
<testcase classname="Fork with docId in url" name="can create an imported unsaved document when anonymous" time="0.289"><failure message="Request to http://localhost:8095/o/docs/api/docs failed with status 400: Bad Request (Failed to parse CSV file.
Error: RuntimeError Imports should use a Python 3 environment)"><![CDATA[Error: Request to http://localhost:8095/o/docs/api/docs failed with status 400: Bad Request (Failed to parse CSV file.
Error: RuntimeError Imports should use a Python 3 environment)
    at throwApiError (app/common/BaseAPI.ts:148:9)
    at UserAPIImpl.requestAxios (app/common/BaseAPI.ts:103:7)
    at runMicrotasks (&#x3C;anonymous&#x3E;)
    at processTicksAndRejections (node:internal/process/task_queues:96:5)
    at Function.countPendingRequest (app/common/BaseAPI.ts:26:14)
    at UserAPIImpl.importUnsavedDoc (app/common/UserAPI.ts:734:18)
    at Context.&#x3C;anonymous&#x3E; (test/nbrowser/Fork.ts:102:24)]]></failure></testcase>
<testcase classname="Fork with docId in url" name="can create an empty unsaved document when logged in" time="2.607"/>
<testcase classname="Fork with docId in url" name="can create an imported unsaved document when logged in" time="0.38"><failure message="Request to http://localhost:8095/o/test-grist/api/docs failed with status 400: Bad Request (Failed to parse CSV file.
Error: RuntimeError Imports should use a Python 3 environment)"><![CDATA[Error: Request to http://localhost:8095/o/test-grist/api/docs failed with status 400: Bad Request (Failed to parse CSV file.
Error: RuntimeError Imports should use a Python 3 environment)
    at throwApiError (app/common/BaseAPI.ts:148:9)
    at UserAPIImpl.requestAxios (app/common/BaseAPI.ts:103:7)
    at runMicrotasks (&#x3C;anonymous&#x3E;)
    at processTicksAndRejections (node:internal/process/task_queues:96:5)
    at Function.countPendingRequest (app/common/BaseAPI.ts:26:14)
    at UserAPIImpl.importUnsavedDoc (app/common/UserAPI.ts:734:18)
    at Context.&#x3C;anonymous&#x3E; (test/nbrowser/Fork.ts:102:24)]]></failure></testcase>
<testcase classname="Fork with docId in url" name="&#x22;after each&#x22; hook for &#x22;can create an imported unsaved document when logged in&#x22;" time="0.007"><failure message="javascript error: window.getAppErrors is not a function
  (Session info: chrome=110.0.5481.77)
  (Driver info: chromedriver=74.0.3729.6 (255758eccf3d244491b8a1317aa76e1ce10d57e9-refs/branch-heads/3729@{#29}),platform=Linux 5.4.0-120-generic x86_64)"><![CDATA[JavascriptError: javascript error: window.getAppErrors is not a function
  (Session info: chrome=110.0.5481.77)
  (Driver info: chromedriver=74.0.3729.6 (255758eccf3d244491b8a1317aa76e1ce10d57e9-refs/branch-heads/3729@{#29}),platform=Linux 5.4.0-120-generic x86_64)
    at Object.checkLegacyResponse (node_modules/mocha-webdriver/node_modules/selenium-webdriver/lib/error.js:553:15)
    at parseHttpResponse (node_modules/mocha-webdriver/node_modules/selenium-webdriver/lib/http.js:663:13)
    at Executor.execute (node_modules/mocha-webdriver/node_modules/selenium-webdriver/lib/http.js:597:28)
    at runMicrotasks (&#x3C;anonymous&#x3E;)
    at processTicksAndRejections (node:internal/process/task_queues:96:5)
    at Driver.execute (node_modules/mocha-webdriver/node_modules/selenium-webdriver/lib/webdriver.js:731:17)
    at Object.checkForErrors (test/nbrowser/gristUtils.ts:1337:18)
    at [enhanced] Driver.executeScript (node_modules/mocha-webdriver/node_modules/selenium-webdriver/lib/webdriver.js:787:17)
    at [enhanced] Object.checkForErrors (test/nbrowser/gristUtils.ts:1337:31)
    at [enhanced] Context.&#x3C;anonymous&#x3E; (test/nbrowser/Fork.ts:87:26)
    at [enhanced] processImmediate (node:internal/timers:466:21)]]></failure></testcase>
<testcase classname="HomeIntro Anonymous on merged-org" name="should show welcome for anonymous user" time="3.571"/>
<testcase classname="HomeIntro Anonymous on merged-org" name="should should intro screen for anon" time="0.193"/>
<testcase classname="HomeIntro Anonymous on merged-org" name="should not show Other Sites section" time="0.034"/>
<testcase classname="HomeIntro Anonymous on merged-org" name="should allow create/import from intro screen" time="11.799"><failure message="Waiting for element to be located By(css selector, .viewsection_title)
Wait timed out after 10190ms"><![CDATA[TimeoutError: Waiting for element to be located By(css selector, .viewsection_title)
Wait timed out after 10190ms
    at /home/camille/Documents/Workspace/grist-core/node_modules/mocha-webdriver/node_modules/selenium-webdriver/lib/webdriver.js:894:17
    at runMicrotasks (&#x3C;anonymous&#x3E;)
    at processTicksAndRejections (node:internal/process/task_queues:96:5)
    at [enhanced] Driver.findWait (node_modules/mocha-webdriver/lib/webdriver-plus.ts:220:17)
    at [enhanced] Object.waitForDocToLoad (test/nbrowser/gristUtils.ts:721:16)
    at [enhanced] waitAndDismiss (test/nbrowser/HomeIntro.ts:338:12)
    at [enhanced] checkDocAndRestore (test/nbrowser/HomeIntro.ts:321:9)
    at [enhanced] checkImportDocButton (test/nbrowser/HomeIntro.ts:360:9)
    at [enhanced] runMicrotasks (&#x3C;anonymous&#x3E;)
    at [enhanced] processTicksAndRejections (node:internal/process/task_queues:96:5)
    at [enhanced] checkIntroButtons (test/nbrowser/HomeIntro.ts:355:3)
    at [enhanced] testCreateImport (test/nbrowser/HomeIntro.ts:127:5)]]></failure></testcase>
<testcase classname="HomeIntro Anonymous on merged-org" name="should allow collapsing examples and remember the state" time="1.302"/>
<testcase classname="HomeIntro Anonymous on merged-org" name="should show examples workspace with the intro" time="2.736"/>
<testcase classname="HomeIntro Anonymous on merged-org" name="should render selected Examples workspace specially" time="0.732"/>
<testcase classname="HomeIntro Logged-in on merged-org" name="should show welcome for logged-in user" time="1.792"/>
<testcase classname="HomeIntro Logged-in on merged-org" name="should not show Other Sites section" time="0.018"/>
<testcase classname="HomeIntro Logged-in on merged-org" name="should show intro screen for empty org" time="0.064"/>
<testcase classname="HomeIntro Logged-in on merged-org" name="should allow create/import from intro screen" time="12.406"><failure message="Waiting for element to be located By(css selector, .viewsection_title)
Wait timed out after 10179ms"><![CDATA[TimeoutError: Waiting for element to be located By(css selector, .viewsection_title)
Wait timed out after 10179ms
    at /home/camille/Documents/Workspace/grist-core/node_modules/mocha-webdriver/node_modules/selenium-webdriver/lib/webdriver.js:894:17
    at runMicrotasks (&#x3C;anonymous&#x3E;)
    at processTicksAndRejections (node:internal/process/task_queues:96:5)
    at [enhanced] Driver.findWait (node_modules/mocha-webdriver/lib/webdriver-plus.ts:220:17)
    at [enhanced] Object.waitForDocToLoad (test/nbrowser/gristUtils.ts:721:16)
    at [enhanced] waitAndDismiss (test/nbrowser/HomeIntro.ts:338:12)
    at [enhanced] checkDocAndRestore (test/nbrowser/HomeIntro.ts:321:9)
    at [enhanced] checkImportDocButton (test/nbrowser/HomeIntro.ts:360:9)
    at [enhanced] runMicrotasks (&#x3C;anonymous&#x3E;)
    at [enhanced] processTicksAndRejections (node:internal/process/task_queues:96:5)
    at [enhanced] checkIntroButtons (test/nbrowser/HomeIntro.ts:355:3)
    at [enhanced] testCreateImport (test/nbrowser/HomeIntro.ts:127:5)]]></failure></testcase>
<testcase classname="HomeIntro Logged-in on merged-org" name="should allow collapsing examples and remember the state" time="0.69"><failure message="expected true to equal false"><![CDATA[AssertionError: expected true to equal false
    at Context.testExamplesCollapsing (test/nbrowser/HomeIntro.ts:173:12)
    at runMicrotasks (&#x3C;anonymous&#x3E;)
    at processTicksAndRejections (node:internal/process/task_queues:96:5)]]></failure></testcase>
<testcase classname="HomeIntro Logged-in on merged-org" name="should show examples workspace with the intro" time="0.047"><failure message="expected [ &#x27;FileUploadData&#x27; ] to be a superset of [ &#x27;Lightweight CRM&#x27; ]"><![CDATA[AssertionError: expected [ &#x27;FileUploadData&#x27; ] to be a superset of [ &#x27;Lightweight CRM&#x27; ]
    at Context.testExamplesSection (test/nbrowser/HomeIntro.ts:189:12)
    at runMicrotasks (&#x3C;anonymous&#x3E;)
    at processTicksAndRejections (node:internal/process/task_queues:96:5)]]></failure></testcase>
<testcase classname="HomeIntro Logged-in on merged-org" name="should allow copying examples" time="0.007"><failure message="No elements match .test-dm-pinned-doc-name and /Lightweight CRM/"><![CDATA[NoSuchElementError: No elements match .test-dm-pinned-doc-name and /Lightweight CRM/
    at findContentHelper (node_modules/mocha-webdriver/lib/webdriver-plus.ts:160:11)
    at runMicrotasks (&#x3C;anonymous&#x3E;)
    at processTicksAndRejections (node:internal/process/task_queues:96:5)
    at toWireValue (node_modules/mocha-webdriver/node_modules/selenium-webdriver/lib/webdriver.js:138:15)
    at /home/camille/Documents/Workspace/grist-core/node_modules/mocha-webdriver/node_modules/selenium-webdriver/lib/webdriver.js:188:16
    at forEachKey (node_modules/mocha-webdriver/node_modules/selenium-webdriver/lib/webdriver.js:182:9)
    at convertKeys (node_modules/mocha-webdriver/node_modules/selenium-webdriver/lib/webdriver.js:187:3)
    at Driver.execute (node_modules/mocha-webdriver/node_modules/selenium-webdriver/lib/webdriver.js:729:22)
    at testCopyingExamples (test/nbrowser/HomeIntro.ts:227:5)
    at [enhanced] testCopyingExamples (test/nbrowser/HomeIntro.ts:227:18)
    at [enhanced] processImmediate (node:internal/timers:466:21)
    at [enhanced] wrapped.execute_ (node_modules/mocha-webdriver/node_modules/selenium-webdriver/lib/webdriver.js:2325:25)
    at [enhanced] wrapped.click (node_modules/mocha-webdriver/node_modules/selenium-webdriver/lib/webdriver.js:2405:17)
    at [enhanced] testCopyingExamples (test/nbrowser/HomeIntro.ts:227:77)
    at [enhanced] processImmediate (node:internal/timers:466:21)]]></failure></testcase>
<testcase classname="HomeIntro Logged-in on merged-org" name="should render selected Examples workspace specially" time="0.667"/>
<testcase classname="HomeIntro Logged-in on merged-org" name="should show empty workspace info" time="0.576"><failure message="Waiting for element to be located By(css selector, .test-empty-workspace-info)
Wait timed out after 474ms"><![CDATA[TimeoutError: Waiting for element to be located By(css selector, .test-empty-workspace-info)
Wait timed out after 474ms
    at /home/camille/Documents/Workspace/grist-core/node_modules/mocha-webdriver/node_modules/selenium-webdriver/lib/webdriver.js:894:17
    at runMicrotasks (&#x3C;anonymous&#x3E;)
    at processTicksAndRejections (node:internal/process/task_queues:96:5)
    at [enhanced] Driver.findWait (node_modules/mocha-webdriver/lib/webdriver-plus.ts:220:17)
    at [enhanced] testEmptyWorkspace (test/nbrowser/HomeIntro.ts:298:29)
    at [enhanced] runMicrotasks (&#x3C;anonymous&#x3E;)
    at [enhanced] processTicksAndRejections (node:internal/process/task_queues:96:5)
    at [enhanced] wrapped.execute_ (node_modules/mocha-webdriver/node_modules/selenium-webdriver/lib/webdriver.js:2325:25)
    at [enhanced] wrapped.isDisplayed (node_modules/mocha-webdriver/node_modules/selenium-webdriver/lib/webdriver.js:2688:17)
    at [enhanced] testEmptyWorkspace (test/nbrowser/HomeIntro.ts:298:73)
    at [enhanced] runMicrotasks (&#x3C;anonymous&#x3E;)
    at [enhanced] processTicksAndRejections (node:internal/process/task_queues:96:5)]]></failure></testcase>
<testcase classname="HomeIntro Logged-in on team site" name="should show welcome for logged-in user" time="1.254"/>
<testcase classname="HomeIntro Logged-in on team site" name="should not show Other Sites section" time="0.009"/>
<testcase classname="HomeIntro Logged-in on team site" name="should show intro screen for empty org" time="0.053"/>
<testcase classname="HomeIntro Logged-in on team site" name="should allow create/import from intro screen" time="12.122"><failure message="Waiting for element to be located By(css selector, .viewsection_title)
Wait timed out after 10207ms"><![CDATA[TimeoutError: Waiting for element to be located By(css selector, .viewsection_title)
Wait timed out after 10207ms
    at /home/camille/Documents/Workspace/grist-core/node_modules/mocha-webdriver/node_modules/selenium-webdriver/lib/webdriver.js:894:17
    at runMicrotasks (&#x3C;anonymous&#x3E;)
    at processTicksAndRejections (node:internal/process/task_queues:96:5)
    at [enhanced] Driver.findWait (node_modules/mocha-webdriver/lib/webdriver-plus.ts:220:17)
    at [enhanced] Object.waitForDocToLoad (test/nbrowser/gristUtils.ts:721:16)
    at [enhanced] waitAndDismiss (test/nbrowser/HomeIntro.ts:338:12)
    at [enhanced] checkDocAndRestore (test/nbrowser/HomeIntro.ts:321:9)
    at [enhanced] checkImportDocButton (test/nbrowser/HomeIntro.ts:360:9)
    at [enhanced] runMicrotasks (&#x3C;anonymous&#x3E;)
    at [enhanced] processTicksAndRejections (node:internal/process/task_queues:96:5)
    at [enhanced] checkIntroButtons (test/nbrowser/HomeIntro.ts:355:3)
    at [enhanced] testCreateImport (test/nbrowser/HomeIntro.ts:127:5)]]></failure></testcase>
<testcase classname="HomeIntro Logged-in on team site" name="should show examples workspace with the intro" time="0.056"><failure message="expected [] to be a superset of [ &#x27;Lightweight CRM&#x27; ]"><![CDATA[AssertionError: expected [] to be a superset of [ &#x27;Lightweight CRM&#x27; ]
    at Context.testExamplesSection (test/nbrowser/HomeIntro.ts:189:12)
    at runMicrotasks (&#x3C;anonymous&#x3E;)
    at processTicksAndRejections (node:internal/process/task_queues:96:5)]]></failure></testcase>
<testcase classname="HomeIntro Logged-in on team site" name="should allow copying examples" time="0.014"><failure message="No elements match .test-dm-pinned-doc-name and /Lightweight CRM/"><![CDATA[NoSuchElementError: No elements match .test-dm-pinned-doc-name and /Lightweight CRM/
    at findContentHelper (node_modules/mocha-webdriver/lib/webdriver-plus.ts:160:11)
    at runMicrotasks (&#x3C;anonymous&#x3E;)
    at processTicksAndRejections (node:internal/process/task_queues:96:5)
    at toWireValue (node_modules/mocha-webdriver/node_modules/selenium-webdriver/lib/webdriver.js:138:15)
    at /home/camille/Documents/Workspace/grist-core/node_modules/mocha-webdriver/node_modules/selenium-webdriver/lib/webdriver.js:188:16
    at forEachKey (node_modules/mocha-webdriver/node_modules/selenium-webdriver/lib/webdriver.js:182:9)
    at convertKeys (node_modules/mocha-webdriver/node_modules/selenium-webdriver/lib/webdriver.js:187:3)
    at Driver.execute (node_modules/mocha-webdriver/node_modules/selenium-webdriver/lib/webdriver.js:729:22)
    at testCopyingExamples (test/nbrowser/HomeIntro.ts:227:5)
    at [enhanced] testCopyingExamples (test/nbrowser/HomeIntro.ts:227:18)
    at [enhanced] processImmediate (node:internal/timers:466:21)
    at [enhanced] wrapped.execute_ (node_modules/mocha-webdriver/node_modules/selenium-webdriver/lib/webdriver.js:2325:25)
    at [enhanced] wrapped.click (node_modules/mocha-webdriver/node_modules/selenium-webdriver/lib/webdriver.js:2405:17)
    at [enhanced] testCopyingExamples (test/nbrowser/HomeIntro.ts:227:77)
    at [enhanced] processImmediate (node:internal/timers:466:21)]]></failure></testcase>
<testcase classname="HomeIntro Logged-in on team site" name="should render selected Examples workspace specially" time="0.688"/>
<testcase classname="HomeIntro Logged-in on team site" name="should show empty workspace info" time="0.803"><failure message="Waiting for element to be located By(css selector, .test-empty-workspace-info)
Wait timed out after 485ms"><![CDATA[TimeoutError: Waiting for element to be located By(css selector, .test-empty-workspace-info)
Wait timed out after 485ms
    at /home/camille/Documents/Workspace/grist-core/node_modules/mocha-webdriver/node_modules/selenium-webdriver/lib/webdriver.js:894:17
    at runMicrotasks (&#x3C;anonymous&#x3E;)
    at processTicksAndRejections (node:internal/process/task_queues:96:5)
    at [enhanced] Driver.findWait (node_modules/mocha-webdriver/lib/webdriver-plus.ts:220:17)
    at [enhanced] Context.testEmptyWorkspace (test/nbrowser/HomeIntro.ts:298:29)
    at [enhanced] runMicrotasks (&#x3C;anonymous&#x3E;)
    at [enhanced] processTicksAndRejections (node:internal/process/task_queues:96:5)
    at [enhanced] wrapped.execute_ (node_modules/mocha-webdriver/node_modules/selenium-webdriver/lib/webdriver.js:2325:25)
    at [enhanced] wrapped.isDisplayed (node_modules/mocha-webdriver/node_modules/selenium-webdriver/lib/webdriver.js:2688:17)
    at [enhanced] Context.testEmptyWorkspace (test/nbrowser/HomeIntro.ts:298:73)
    at [enhanced] runMicrotasks (&#x3C;anonymous&#x3E;)
    at [enhanced] processTicksAndRejections (node:internal/process/task_queues:96:5)]]></failure></testcase>
<testcase classname="LanguageSettings correctly detects browser language fr" name="shows correct language from browser settings" time="0.364"/>
<testcase classname="LanguageSettings correctly detects browser language te" name="shows correct language from browser settings" time="0.33"/>
<testcase classname="LanguageSettings correctly detects browser language en" name="shows correct language from browser settings" time="0.386"/>
<testcase classname="LanguageSettings correctly detects browser language pt-BR" name="shows correct language from browser settings" time="0.284"/>
<testcase classname="LanguageSettings for Anonymous" name="allows anonymous user to switch a language" time="3.55"><failure message="no such window: target window already closed
from unknown error: web view not found
  (Session info: chrome=110.0.5481.77)
  (Driver info: chromedriver=74.0.3729.6 (255758eccf3d244491b8a1317aa76e1ce10d57e9-refs/branch-heads/3729@{#29}),platform=Linux 5.4.0-120-generic x86_64)"><![CDATA[NoSuchWindowError: no such window: target window already closed
from unknown error: web view not found
  (Session info: chrome=110.0.5481.77)
  (Driver info: chromedriver=74.0.3729.6 (255758eccf3d244491b8a1317aa76e1ce10d57e9-refs/branch-heads/3729@{#29}),platform=Linux 5.4.0-120-generic x86_64)
    at Object.checkLegacyResponse (node_modules/mocha-webdriver/node_modules/selenium-webdriver/lib/error.js:553:15)
    at parseHttpResponse (node_modules/mocha-webdriver/node_modules/selenium-webdriver/lib/http.js:663:13)
    at Executor.execute (node_modules/mocha-webdriver/node_modules/selenium-webdriver/lib/http.js:597:28)
    at runMicrotasks (&#x3C;anonymous&#x3E;)
    at processTicksAndRejections (node:internal/process/task_queues:96:5)
    at Driver.execute (node_modules/mocha-webdriver/node_modules/selenium-webdriver/lib/webdriver.js:731:17)
    at Driver.findElements (node_modules/mocha-webdriver/node_modules/selenium-webdriver/lib/webdriver.js:1024:17)
    at [enhanced] Driver.findElements (node_modules/mocha-webdriver/node_modules/selenium-webdriver/lib/webdriver.js:1024:28)
    at [enhanced] /home/camille/Documents/Workspace/grist-core/node_modules/mocha-webdriver/node_modules/selenium-webdriver/lib/until.js:250:21
    at [enhanced] /home/camille/Documents/Workspace/grist-core/node_modules/mocha-webdriver/node_modules/selenium-webdriver/lib/webdriver.js:876:19
    at [enhanced] new Promise (&#x3C;anonymous&#x3E;)
    at [enhanced] evaluateCondition (node_modules/mocha-webdriver/node_modules/selenium-webdriver/lib/webdriver.js:874:14)
    at [enhanced] Timeout.pollCondition [as _onTimeout] (node_modules/mocha-webdriver/node_modules/selenium-webdriver/lib/webdriver.js:886:9)
    at [enhanced] listOnTimeout (node:internal/timers:559:17)
    at [enhanced] processTimers (node:internal/timers:502:7)
    at [enhanced] Driver.findWait (node_modules/mocha-webdriver/lib/webdriver-plus.ts:220:17)
    at [enhanced] Object.waitForDocMenuToLoad (test/nbrowser/gristUtils.ts:734:16)
    at [enhanced] Context.&#x3C;anonymous&#x3E; (test/nbrowser/LanguageSettings.ts:99:16)
    at [enhanced] runMicrotasks (&#x3C;anonymous&#x3E;)
    at [enhanced] processTicksAndRejections (node:internal/process/task_queues:96:5)]]></failure></testcase>
<testcase classname="LanguageSettings for Anonymous" name="when user is logged in the language is still taken from the cookie" time="0.011"><failure message="no such window: target window already closed
from unknown error: web view not found
  (Session info: chrome=110.0.5481.77)
  (Driver info: chromedriver=74.0.3729.6 (255758eccf3d244491b8a1317aa76e1ce10d57e9-refs/branch-heads/3729@{#29}),platform=Linux 5.4.0-120-generic x86_64)"><![CDATA[NoSuchWindowError: no such window: target window already closed
from unknown error: web view not found
  (Session info: chrome=110.0.5481.77)
  (Driver info: chromedriver=74.0.3729.6 (255758eccf3d244491b8a1317aa76e1ce10d57e9-refs/branch-heads/3729@{#29}),platform=Linux 5.4.0-120-generic x86_64)
    at Object.checkLegacyResponse (node_modules/mocha-webdriver/node_modules/selenium-webdriver/lib/error.js:553:15)
    at parseHttpResponse (node_modules/mocha-webdriver/node_modules/selenium-webdriver/lib/http.js:663:13)
    at Executor.execute (node_modules/mocha-webdriver/node_modules/selenium-webdriver/lib/http.js:597:28)
    at runMicrotasks (&#x3C;anonymous&#x3E;)
    at processTicksAndRejections (node:internal/process/task_queues:96:5)
    at Driver.execute (node_modules/mocha-webdriver/node_modules/selenium-webdriver/lib/webdriver.js:731:17)
    at Driver.findElements (node_modules/mocha-webdriver/node_modules/selenium-webdriver/lib/webdriver.js:1024:17)
    at [enhanced] Driver.findElements (node_modules/mocha-webdriver/node_modules/selenium-webdriver/lib/webdriver.js:1024:28)
    at [enhanced] /home/camille/Documents/Workspace/grist-core/node_modules/mocha-webdriver/node_modules/selenium-webdriver/lib/until.js:250:21
    at [enhanced] /home/camille/Documents/Workspace/grist-core/node_modules/mocha-webdriver/node_modules/selenium-webdriver/lib/webdriver.js:876:19
    at [enhanced] new Promise (&#x3C;anonymous&#x3E;)
    at [enhanced] evaluateCondition (node_modules/mocha-webdriver/node_modules/selenium-webdriver/lib/webdriver.js:874:14)
    at [enhanced] pollCondition (node_modules/mocha-webdriver/node_modules/selenium-webdriver/lib/webdriver.js:886:9)
    at [enhanced] /home/camille/Documents/Workspace/grist-core/node_modules/mocha-webdriver/node_modules/selenium-webdriver/lib/webdriver.js:910:7
    at [enhanced] new Promise (&#x3C;anonymous&#x3E;)
    at [enhanced] Driver.wait (node_modules/mocha-webdriver/node_modules/selenium-webdriver/lib/webdriver.js:883:18)
    at [enhanced] Driver.findWait (node_modules/mocha-webdriver/lib/webdriver-plus.ts:220:17)
    at [enhanced] langButton (test/nbrowser/LanguageSettings.ts:250:29)
    at [enhanced] Context.&#x3C;anonymous&#x3E; (test/nbrowser/LanguageSettings.ts:102:13)
    at [enhanced] processImmediate (node:internal/timers:466:21)
    at [enhanced] wrapped.execute_ (node_modules/mocha-webdriver/node_modules/selenium-webdriver/lib/webdriver.js:2325:25)
    at [enhanced] wrapped.click (node_modules/mocha-webdriver/node_modules/selenium-webdriver/lib/webdriver.js:2405:17)
    at [enhanced] Context.&#x3C;anonymous&#x3E; (test/nbrowser/LanguageSettings.ts:102:26)
    at [enhanced] processImmediate (node:internal/timers:466:21)]]></failure></testcase>
<testcase classname="LanguageSettings for logged in user with nb-NO" name="&#x22;before all&#x22; hook" time="2.196"><failure message="chrome not reachable
  (Session info: chrome=110.0.5481.77)
  (Driver info: chromedriver=74.0.3729.6 (255758eccf3d244491b8a1317aa76e1ce10d57e9-refs/branch-heads/3729@{#29}),platform=Linux 5.4.0-120-generic x86_64)"><![CDATA[WebDriverError: chrome not reachable
  (Session info: chrome=110.0.5481.77)
  (Driver info: chromedriver=74.0.3729.6 (255758eccf3d244491b8a1317aa76e1ce10d57e9-refs/branch-heads/3729@{#29}),platform=Linux 5.4.0-120-generic x86_64)
    at Object.checkLegacyResponse (node_modules/mocha-webdriver/node_modules/selenium-webdriver/lib/error.js:553:15)
    at parseHttpResponse (node_modules/mocha-webdriver/node_modules/selenium-webdriver/lib/http.js:663:13)
    at Executor.execute (node_modules/mocha-webdriver/node_modules/selenium-webdriver/lib/http.js:597:28)
    at runMicrotasks (&#x3C;anonymous&#x3E;)
    at processTicksAndRejections (node:internal/process/task_queues:96:5)
    at Driver.execute (node_modules/mocha-webdriver/node_modules/selenium-webdriver/lib/webdriver.js:731:17)
    at HomeUtil.getGristSid (test/nbrowser/homeUtil.ts:248:5)
    at HomeUtil.removeLogin (test/nbrowser/homeUtil.ts:151:19)
    at Session.login (test/nbrowser/gristUtils.ts:1965:7)
    at Context.&#x3C;anonymous&#x3E; (test/nbrowser/LanguageSettings.ts:236:21)
    at [enhanced] Navigation.to (node_modules/mocha-webdriver/node_modules/selenium-webdriver/lib/webdriver.js:1448:25)
    at [enhanced] Driver.get (node_modules/mocha-webdriver/node_modules/selenium-webdriver/lib/webdriver.js:959:28)
    at [enhanced] HomeUtil.getGristSid (test/nbrowser/homeUtil.ts:248:23)
    at [enhanced] HomeUtil.removeLogin (test/nbrowser/homeUtil.ts:151:30)
    at [enhanced] runMicrotasks (&#x3C;anonymous&#x3E;)
    at [enhanced] processTicksAndRejections (node:internal/process/task_queues:96:5)
    at [enhanced] Session.login (test/nbrowser/gristUtils.ts:1965:7)
    at [enhanced] Context.&#x3C;anonymous&#x3E; (test/nbrowser/LanguageSettings.ts:236:21)
    at [enhanced] Session.login (test/nbrowser/gristUtils.ts:1965:13)
    at [enhanced] runMicrotasks (&#x3C;anonymous&#x3E;)
    at [enhanced] processTicksAndRejections (node:internal/process/task_queues:96:5)
    at [enhanced] Context.&#x3C;anonymous&#x3E; (test/nbrowser/LanguageSettings.ts:236:21)
    at [enhanced] Context.&#x3C;anonymous&#x3E; (test/nbrowser/LanguageSettings.ts:236:58)
    at [enhanced] runMicrotasks (&#x3C;anonymous&#x3E;)
    at [enhanced] processTicksAndRejections (node:internal/process/task_queues:96:5)]]></failure></testcase>
<testcase classname="LanguageSettings for logged in user with nb-NO" name="&#x22;after all&#x22; hook" time="0.016"><failure message="no such window: target window already closed
from unknown error: web view not found
  (Session info: chrome=110.0.5481.77)
  (Driver info: chromedriver=74.0.3729.6 (255758eccf3d244491b8a1317aa76e1ce10d57e9-refs/branch-heads/3729@{#29}),platform=Linux 5.4.0-120-generic x86_64)"><![CDATA[NoSuchWindowError: no such window: target window already closed
from unknown error: web view not found
  (Session info: chrome=110.0.5481.77)
  (Driver info: chromedriver=74.0.3729.6 (255758eccf3d244491b8a1317aa76e1ce10d57e9-refs/branch-heads/3729@{#29}),platform=Linux 5.4.0-120-generic x86_64)
    at Object.checkLegacyResponse (node_modules/mocha-webdriver/node_modules/selenium-webdriver/lib/error.js:553:15)
    at parseHttpResponse (node_modules/mocha-webdriver/node_modules/selenium-webdriver/lib/http.js:663:13)
    at Executor.execute (node_modules/mocha-webdriver/node_modules/selenium-webdriver/lib/http.js:597:28)
    at runMicrotasks (&#x3C;anonymous&#x3E;)
    at processTicksAndRejections (node:internal/process/task_queues:96:5)
    at Driver.execute (node_modules/mocha-webdriver/node_modules/selenium-webdriver/lib/webdriver.js:731:17)
    at clearCookie (test/nbrowser/LanguageSettings.ts:194:3)
    at Context.&#x3C;anonymous&#x3E; (test/nbrowser/LanguageSettings.ts:147:7)
    at [enhanced] Driver.executeScript (node_modules/mocha-webdriver/node_modules/selenium-webdriver/lib/webdriver.js:787:17)
    at [enhanced] clearCookie (test/nbrowser/LanguageSettings.ts:194:28)
    at [enhanced] Context.&#x3C;anonymous&#x3E; (test/nbrowser/LanguageSettings.ts:147:13)
    at [enhanced] runMicrotasks (&#x3C;anonymous&#x3E;)
    at [enhanced] processTicksAndRejections (node:internal/process/task_queues:96:5)]]></failure></testcase>
<testcase classname="LanguageSettings" name="&#x22;after all&#x22; hook" time="0.021"><failure message="chrome not reachable
  (Session info: chrome=110.0.5481.77)
  (Driver info: chromedriver=74.0.3729.6 (255758eccf3d244491b8a1317aa76e1ce10d57e9-refs/branch-heads/3729@{#29}),platform=Linux 5.4.0-120-generic x86_64)"><![CDATA[WebDriverError: chrome not reachable
  (Session info: chrome=110.0.5481.77)
  (Driver info: chromedriver=74.0.3729.6 (255758eccf3d244491b8a1317aa76e1ce10d57e9-refs/branch-heads/3729@{#29}),platform=Linux 5.4.0-120-generic x86_64)
    at Object.checkLegacyResponse (node_modules/mocha-webdriver/node_modules/selenium-webdriver/lib/error.js:553:15)
    at parseHttpResponse (node_modules/mocha-webdriver/node_modules/selenium-webdriver/lib/http.js:663:13)
    at Executor.execute (node_modules/mocha-webdriver/node_modules/selenium-webdriver/lib/http.js:597:28)
    at runMicrotasks (&#x3C;anonymous&#x3E;)
    at processTicksAndRejections (node:internal/process/task_queues:96:5)
    at Driver.execute (node_modules/mocha-webdriver/node_modules/selenium-webdriver/lib/webdriver.js:731:17)
    at Context.&#x3C;anonymous&#x3E; (test/nbrowser/testUtils.ts:117:22)
    at [enhanced] Driver.getAllWindowHandles (node_modules/mocha-webdriver/node_modules/selenium-webdriver/lib/webdriver.js:944:17)
    at [enhanced] Context.&#x3C;anonymous&#x3E; (test/nbrowser/testUtils.ts:117:35)
    at [enhanced] processImmediate (node:internal/timers:466:21)]]></failure></testcase>
<testcase classname="Localization" name="&#x22;before all&#x22; hook" time="0.014"><failure message="chrome not reachable
  (Session info: chrome=110.0.5481.77)
  (Driver info: chromedriver=74.0.3729.6 (255758eccf3d244491b8a1317aa76e1ce10d57e9-refs/branch-heads/3729@{#29}),platform=Linux 5.4.0-120-generic x86_64)"><![CDATA[WebDriverError: chrome not reachable
  (Session info: chrome=110.0.5481.77)
  (Driver info: chromedriver=74.0.3729.6 (255758eccf3d244491b8a1317aa76e1ce10d57e9-refs/branch-heads/3729@{#29}),platform=Linux 5.4.0-120-generic x86_64)
    at Object.checkLegacyResponse (node_modules/mocha-webdriver/node_modules/selenium-webdriver/lib/error.js:553:15)
    at parseHttpResponse (node_modules/mocha-webdriver/node_modules/selenium-webdriver/lib/http.js:663:13)
    at Executor.execute (node_modules/mocha-webdriver/node_modules/selenium-webdriver/lib/http.js:597:28)
    at runMicrotasks (&#x3C;anonymous&#x3E;)
    at processTicksAndRejections (node:internal/process/task_queues:96:5)
    at Driver.execute (node_modules/mocha-webdriver/node_modules/selenium-webdriver/lib/webdriver.js:731:17)
    at Context.&#x3C;anonymous&#x3E; (test/nbrowser/testUtils.ts:114:19)
    at [enhanced] Driver.getAllWindowHandles (node_modules/mocha-webdriver/node_modules/selenium-webdriver/lib/webdriver.js:944:17)
    at [enhanced] Context.&#x3C;anonymous&#x3E; (test/nbrowser/testUtils.ts:114:32)]]></failure></testcase>
<testcase classname="Localization" name="&#x22;after all&#x22; hook" time="0.019"><failure message="chrome not reachable
  (Session info: chrome=110.0.5481.77)
  (Driver info: chromedriver=74.0.3729.6 (255758eccf3d244491b8a1317aa76e1ce10d57e9-refs/branch-heads/3729@{#29}),platform=Linux 5.4.0-120-generic x86_64)"><![CDATA[WebDriverError: chrome not reachable
  (Session info: chrome=110.0.5481.77)
  (Driver info: chromedriver=74.0.3729.6 (255758eccf3d244491b8a1317aa76e1ce10d57e9-refs/branch-heads/3729@{#29}),platform=Linux 5.4.0-120-generic x86_64)
    at Object.checkLegacyResponse (node_modules/mocha-webdriver/node_modules/selenium-webdriver/lib/error.js:553:15)
    at parseHttpResponse (node_modules/mocha-webdriver/node_modules/selenium-webdriver/lib/http.js:663:13)
    at Executor.execute (node_modules/mocha-webdriver/node_modules/selenium-webdriver/lib/http.js:597:28)
    at runMicrotasks (&#x3C;anonymous&#x3E;)
    at processTicksAndRejections (node:internal/process/task_queues:96:5)
    at Driver.execute (node_modules/mocha-webdriver/node_modules/selenium-webdriver/lib/webdriver.js:731:17)
    at Context.&#x3C;anonymous&#x3E; (test/nbrowser/testUtils.ts:117:22)
    at [enhanced] Driver.getAllWindowHandles (node_modules/mocha-webdriver/node_modules/selenium-webdriver/lib/webdriver.js:944:17)
    at [enhanced] Context.&#x3C;anonymous&#x3E; (test/nbrowser/testUtils.ts:117:35)
    at [enhanced] processImmediate (node:internal/timers:466:21)]]></failure></testcase>
<testcase classname="MultiColumn" name="&#x22;before all&#x22; hook" time="0.012"><failure message="chrome not reachable
  (Session info: chrome=110.0.5481.77)
  (Driver info: chromedriver=74.0.3729.6 (255758eccf3d244491b8a1317aa76e1ce10d57e9-refs/branch-heads/3729@{#29}),platform=Linux 5.4.0-120-generic x86_64)"><![CDATA[WebDriverError: chrome not reachable
  (Session info: chrome=110.0.5481.77)
  (Driver info: chromedriver=74.0.3729.6 (255758eccf3d244491b8a1317aa76e1ce10d57e9-refs/branch-heads/3729@{#29}),platform=Linux 5.4.0-120-generic x86_64)
    at Object.checkLegacyResponse (node_modules/mocha-webdriver/node_modules/selenium-webdriver/lib/error.js:553:15)
    at parseHttpResponse (node_modules/mocha-webdriver/node_modules/selenium-webdriver/lib/http.js:663:13)
    at Executor.execute (node_modules/mocha-webdriver/node_modules/selenium-webdriver/lib/http.js:597:28)
    at runMicrotasks (&#x3C;anonymous&#x3E;)
    at processTicksAndRejections (node:internal/process/task_queues:96:5)
    at Driver.execute (node_modules/mocha-webdriver/node_modules/selenium-webdriver/lib/webdriver.js:731:17)
    at Context.&#x3C;anonymous&#x3E; (test/nbrowser/testUtils.ts:114:19)
    at [enhanced] Driver.getAllWindowHandles (node_modules/mocha-webdriver/node_modules/selenium-webdriver/lib/webdriver.js:944:17)
    at [enhanced] Context.&#x3C;anonymous&#x3E; (test/nbrowser/testUtils.ts:114:32)]]></failure></testcase>
<testcase classname="MultiColumn" name="&#x22;after all&#x22; hook" time="0.015"><failure message="chrome not reachable
  (Session info: chrome=110.0.5481.77)
  (Driver info: chromedriver=74.0.3729.6 (255758eccf3d244491b8a1317aa76e1ce10d57e9-refs/branch-heads/3729@{#29}),platform=Linux 5.4.0-120-generic x86_64)"><![CDATA[WebDriverError: chrome not reachable
  (Session info: chrome=110.0.5481.77)
  (Driver info: chromedriver=74.0.3729.6 (255758eccf3d244491b8a1317aa76e1ce10d57e9-refs/branch-heads/3729@{#29}),platform=Linux 5.4.0-120-generic x86_64)
    at Object.checkLegacyResponse (node_modules/mocha-webdriver/node_modules/selenium-webdriver/lib/error.js:553:15)
    at parseHttpResponse (node_modules/mocha-webdriver/node_modules/selenium-webdriver/lib/http.js:663:13)
    at Executor.execute (node_modules/mocha-webdriver/node_modules/selenium-webdriver/lib/http.js:597:28)
    at runMicrotasks (&#x3C;anonymous&#x3E;)
    at processTicksAndRejections (node:internal/process/task_queues:96:5)
    at Driver.execute (node_modules/mocha-webdriver/node_modules/selenium-webdriver/lib/webdriver.js:731:17)
    at Context.&#x3C;anonymous&#x3E; (test/nbrowser/testUtils.ts:117:22)
    at [enhanced] Driver.getAllWindowHandles (node_modules/mocha-webdriver/node_modules/selenium-webdriver/lib/webdriver.js:944:17)
    at [enhanced] Context.&#x3C;anonymous&#x3E; (test/nbrowser/testUtils.ts:117:35)
    at [enhanced] processImmediate (node:internal/timers:466:21)]]></failure></testcase>
<testcase classname="Pages" name="&#x22;before all&#x22; hook" time="0.006"><failure message="chrome not reachable
  (Session info: chrome=110.0.5481.77)
  (Driver info: chromedriver=74.0.3729.6 (255758eccf3d244491b8a1317aa76e1ce10d57e9-refs/branch-heads/3729@{#29}),platform=Linux 5.4.0-120-generic x86_64)"><![CDATA[WebDriverError: chrome not reachable
  (Session info: chrome=110.0.5481.77)
  (Driver info: chromedriver=74.0.3729.6 (255758eccf3d244491b8a1317aa76e1ce10d57e9-refs/branch-heads/3729@{#29}),platform=Linux 5.4.0-120-generic x86_64)
    at Object.checkLegacyResponse (node_modules/mocha-webdriver/node_modules/selenium-webdriver/lib/error.js:553:15)
    at parseHttpResponse (node_modules/mocha-webdriver/node_modules/selenium-webdriver/lib/http.js:663:13)
    at Executor.execute (node_modules/mocha-webdriver/node_modules/selenium-webdriver/lib/http.js:597:28)
    at runMicrotasks (&#x3C;anonymous&#x3E;)
    at processTicksAndRejections (node:internal/process/task_queues:96:5)
    at Driver.execute (node_modules/mocha-webdriver/node_modules/selenium-webdriver/lib/webdriver.js:731:17)
    at Context.&#x3C;anonymous&#x3E; (test/nbrowser/testUtils.ts:114:19)
    at [enhanced] Driver.getAllWindowHandles (node_modules/mocha-webdriver/node_modules/selenium-webdriver/lib/webdriver.js:944:17)
    at [enhanced] Context.&#x3C;anonymous&#x3E; (test/nbrowser/testUtils.ts:114:32)]]></failure></testcase>
<testcase classname="Pages" name="&#x22;after all&#x22; hook" time="0.007"><failure message="chrome not reachable
  (Session info: chrome=110.0.5481.77)
  (Driver info: chromedriver=74.0.3729.6 (255758eccf3d244491b8a1317aa76e1ce10d57e9-refs/branch-heads/3729@{#29}),platform=Linux 5.4.0-120-generic x86_64)"><![CDATA[WebDriverError: chrome not reachable
  (Session info: chrome=110.0.5481.77)
  (Driver info: chromedriver=74.0.3729.6 (255758eccf3d244491b8a1317aa76e1ce10d57e9-refs/branch-heads/3729@{#29}),platform=Linux 5.4.0-120-generic x86_64)
    at Object.checkLegacyResponse (node_modules/mocha-webdriver/node_modules/selenium-webdriver/lib/error.js:553:15)
    at parseHttpResponse (node_modules/mocha-webdriver/node_modules/selenium-webdriver/lib/http.js:663:13)
    at Executor.execute (node_modules/mocha-webdriver/node_modules/selenium-webdriver/lib/http.js:597:28)
    at runMicrotasks (&#x3C;anonymous&#x3E;)
    at processTicksAndRejections (node:internal/process/task_queues:96:5)
    at Driver.execute (node_modules/mocha-webdriver/node_modules/selenium-webdriver/lib/webdriver.js:731:17)
    at Context.&#x3C;anonymous&#x3E; (test/nbrowser/testUtils.ts:117:22)
    at [enhanced] Driver.getAllWindowHandles (node_modules/mocha-webdriver/node_modules/selenium-webdriver/lib/webdriver.js:944:17)
    at [enhanced] Context.&#x3C;anonymous&#x3E; (test/nbrowser/testUtils.ts:117:35)
    at [enhanced] processImmediate (node:internal/timers:466:21)]]></failure></testcase>
<testcase classname="ReferenceColumns" name="&#x22;before all&#x22; hook" time="0.007"><failure message="chrome not reachable
  (Session info: chrome=110.0.5481.77)
  (Driver info: chromedriver=74.0.3729.6 (255758eccf3d244491b8a1317aa76e1ce10d57e9-refs/branch-heads/3729@{#29}),platform=Linux 5.4.0-120-generic x86_64)"><![CDATA[WebDriverError: chrome not reachable
  (Session info: chrome=110.0.5481.77)
  (Driver info: chromedriver=74.0.3729.6 (255758eccf3d244491b8a1317aa76e1ce10d57e9-refs/branch-heads/3729@{#29}),platform=Linux 5.4.0-120-generic x86_64)
    at Object.checkLegacyResponse (node_modules/mocha-webdriver/node_modules/selenium-webdriver/lib/error.js:553:15)
    at parseHttpResponse (node_modules/mocha-webdriver/node_modules/selenium-webdriver/lib/http.js:663:13)
    at Executor.execute (node_modules/mocha-webdriver/node_modules/selenium-webdriver/lib/http.js:597:28)
    at runMicrotasks (&#x3C;anonymous&#x3E;)
    at processTicksAndRejections (node:internal/process/task_queues:96:5)
    at Driver.execute (node_modules/mocha-webdriver/node_modules/selenium-webdriver/lib/webdriver.js:731:17)
    at Context.&#x3C;anonymous&#x3E; (test/nbrowser/testUtils.ts:114:19)
    at [enhanced] Driver.getAllWindowHandles (node_modules/mocha-webdriver/node_modules/selenium-webdriver/lib/webdriver.js:944:17)
    at [enhanced] Context.&#x3C;anonymous&#x3E; (test/nbrowser/testUtils.ts:114:32)]]></failure></testcase>
<testcase classname="ReferenceColumns" name="&#x22;after all&#x22; hook" time="0.006"><failure message="chrome not reachable
  (Session info: chrome=110.0.5481.77)
  (Driver info: chromedriver=74.0.3729.6 (255758eccf3d244491b8a1317aa76e1ce10d57e9-refs/branch-heads/3729@{#29}),platform=Linux 5.4.0-120-generic x86_64)"><![CDATA[WebDriverError: chrome not reachable
  (Session info: chrome=110.0.5481.77)
  (Driver info: chromedriver=74.0.3729.6 (255758eccf3d244491b8a1317aa76e1ce10d57e9-refs/branch-heads/3729@{#29}),platform=Linux 5.4.0-120-generic x86_64)
    at Object.checkLegacyResponse (node_modules/mocha-webdriver/node_modules/selenium-webdriver/lib/error.js:553:15)
    at parseHttpResponse (node_modules/mocha-webdriver/node_modules/selenium-webdriver/lib/http.js:663:13)
    at Executor.execute (node_modules/mocha-webdriver/node_modules/selenium-webdriver/lib/http.js:597:28)
    at runMicrotasks (&#x3C;anonymous&#x3E;)
    at processTicksAndRejections (node:internal/process/task_queues:96:5)
    at Driver.execute (node_modules/mocha-webdriver/node_modules/selenium-webdriver/lib/webdriver.js:731:17)
    at Context.&#x3C;anonymous&#x3E; (test/nbrowser/testUtils.ts:117:22)
    at [enhanced] Driver.getAllWindowHandles (node_modules/mocha-webdriver/node_modules/selenium-webdriver/lib/webdriver.js:944:17)
    at [enhanced] Context.&#x3C;anonymous&#x3E; (test/nbrowser/testUtils.ts:117:35)
    at [enhanced] processImmediate (node:internal/timers:466:21)]]></failure></testcase>
<testcase classname="ReferenceList" name="&#x22;before all&#x22; hook" time="0.004"><failure message="chrome not reachable
  (Session info: chrome=110.0.5481.77)
  (Driver info: chromedriver=74.0.3729.6 (255758eccf3d244491b8a1317aa76e1ce10d57e9-refs/branch-heads/3729@{#29}),platform=Linux 5.4.0-120-generic x86_64)"><![CDATA[WebDriverError: chrome not reachable
  (Session info: chrome=110.0.5481.77)
  (Driver info: chromedriver=74.0.3729.6 (255758eccf3d244491b8a1317aa76e1ce10d57e9-refs/branch-heads/3729@{#29}),platform=Linux 5.4.0-120-generic x86_64)
    at Object.checkLegacyResponse (node_modules/mocha-webdriver/node_modules/selenium-webdriver/lib/error.js:553:15)
    at parseHttpResponse (node_modules/mocha-webdriver/node_modules/selenium-webdriver/lib/http.js:663:13)
    at Executor.execute (node_modules/mocha-webdriver/node_modules/selenium-webdriver/lib/http.js:597:28)
    at runMicrotasks (&#x3C;anonymous&#x3E;)
    at processTicksAndRejections (node:internal/process/task_queues:96:5)
    at Driver.execute (node_modules/mocha-webdriver/node_modules/selenium-webdriver/lib/webdriver.js:731:17)
    at Context.&#x3C;anonymous&#x3E; (test/nbrowser/testUtils.ts:114:19)
    at [enhanced] Driver.getAllWindowHandles (node_modules/mocha-webdriver/node_modules/selenium-webdriver/lib/webdriver.js:944:17)
    at [enhanced] Context.&#x3C;anonymous&#x3E; (test/nbrowser/testUtils.ts:114:32)]]></failure></testcase>
<testcase classname="ReferenceList" name="&#x22;after all&#x22; hook" time="0.004"><failure message="chrome not reachable
  (Session info: chrome=110.0.5481.77)
  (Driver info: chromedriver=74.0.3729.6 (255758eccf3d244491b8a1317aa76e1ce10d57e9-refs/branch-heads/3729@{#29}),platform=Linux 5.4.0-120-generic x86_64)"><![CDATA[WebDriverError: chrome not reachable
  (Session info: chrome=110.0.5481.77)
  (Driver info: chromedriver=74.0.3729.6 (255758eccf3d244491b8a1317aa76e1ce10d57e9-refs/branch-heads/3729@{#29}),platform=Linux 5.4.0-120-generic x86_64)
    at Object.checkLegacyResponse (node_modules/mocha-webdriver/node_modules/selenium-webdriver/lib/error.js:553:15)
    at parseHttpResponse (node_modules/mocha-webdriver/node_modules/selenium-webdriver/lib/http.js:663:13)
    at Executor.execute (node_modules/mocha-webdriver/node_modules/selenium-webdriver/lib/http.js:597:28)
    at runMicrotasks (&#x3C;anonymous&#x3E;)
    at processTicksAndRejections (node:internal/process/task_queues:96:5)
    at Driver.execute (node_modules/mocha-webdriver/node_modules/selenium-webdriver/lib/webdriver.js:731:17)
    at Context.&#x3C;anonymous&#x3E; (test/nbrowser/testUtils.ts:117:22)
    at [enhanced] Driver.getAllWindowHandles (node_modules/mocha-webdriver/node_modules/selenium-webdriver/lib/webdriver.js:944:17)
    at [enhanced] Context.&#x3C;anonymous&#x3E; (test/nbrowser/testUtils.ts:117:35)
    at [enhanced] processImmediate (node:internal/timers:466:21)]]></failure></testcase>
<testcase classname="RefTransforms" name="&#x22;before all&#x22; hook" time="0.003"><failure message="chrome not reachable
  (Session info: chrome=110.0.5481.77)
  (Driver info: chromedriver=74.0.3729.6 (255758eccf3d244491b8a1317aa76e1ce10d57e9-refs/branch-heads/3729@{#29}),platform=Linux 5.4.0-120-generic x86_64)"><![CDATA[WebDriverError: chrome not reachable
  (Session info: chrome=110.0.5481.77)
  (Driver info: chromedriver=74.0.3729.6 (255758eccf3d244491b8a1317aa76e1ce10d57e9-refs/branch-heads/3729@{#29}),platform=Linux 5.4.0-120-generic x86_64)
    at Object.checkLegacyResponse (node_modules/mocha-webdriver/node_modules/selenium-webdriver/lib/error.js:553:15)
    at parseHttpResponse (node_modules/mocha-webdriver/node_modules/selenium-webdriver/lib/http.js:663:13)
    at Executor.execute (node_modules/mocha-webdriver/node_modules/selenium-webdriver/lib/http.js:597:28)
    at runMicrotasks (&#x3C;anonymous&#x3E;)
    at processTicksAndRejections (node:internal/process/task_queues:96:5)
    at Driver.execute (node_modules/mocha-webdriver/node_modules/selenium-webdriver/lib/webdriver.js:731:17)
    at Context.&#x3C;anonymous&#x3E; (test/nbrowser/testUtils.ts:114:19)
    at [enhanced] Driver.getAllWindowHandles (node_modules/mocha-webdriver/node_modules/selenium-webdriver/lib/webdriver.js:944:17)
    at [enhanced] Context.&#x3C;anonymous&#x3E; (test/nbrowser/testUtils.ts:114:32)]]></failure></testcase>
<testcase classname="RefTransforms" name="&#x22;after all&#x22; hook" time="0.005"><failure message="chrome not reachable
  (Session info: chrome=110.0.5481.77)
  (Driver info: chromedriver=74.0.3729.6 (255758eccf3d244491b8a1317aa76e1ce10d57e9-refs/branch-heads/3729@{#29}),platform=Linux 5.4.0-120-generic x86_64)"><![CDATA[WebDriverError: chrome not reachable
  (Session info: chrome=110.0.5481.77)
  (Driver info: chromedriver=74.0.3729.6 (255758eccf3d244491b8a1317aa76e1ce10d57e9-refs/branch-heads/3729@{#29}),platform=Linux 5.4.0-120-generic x86_64)
    at Object.checkLegacyResponse (node_modules/mocha-webdriver/node_modules/selenium-webdriver/lib/error.js:553:15)
    at parseHttpResponse (node_modules/mocha-webdriver/node_modules/selenium-webdriver/lib/http.js:663:13)
    at Executor.execute (node_modules/mocha-webdriver/node_modules/selenium-webdriver/lib/http.js:597:28)
    at runMicrotasks (&#x3C;anonymous&#x3E;)
    at processTicksAndRejections (node:internal/process/task_queues:96:5)
    at Driver.execute (node_modules/mocha-webdriver/node_modules/selenium-webdriver/lib/webdriver.js:731:17)
    at Context.&#x3C;anonymous&#x3E; (test/nbrowser/testUtils.ts:117:22)
    at [enhanced] Driver.getAllWindowHandles (node_modules/mocha-webdriver/node_modules/selenium-webdriver/lib/webdriver.js:944:17)
    at [enhanced] Context.&#x3C;anonymous&#x3E; (test/nbrowser/testUtils.ts:117:35)
    at [enhanced] processImmediate (node:internal/timers:466:21)]]></failure></testcase>
<testcase classname="RightPanel" name="&#x22;before all&#x22; hook" time="0.004"><failure message="chrome not reachable
  (Session info: chrome=110.0.5481.77)
  (Driver info: chromedriver=74.0.3729.6 (255758eccf3d244491b8a1317aa76e1ce10d57e9-refs/branch-heads/3729@{#29}),platform=Linux 5.4.0-120-generic x86_64)"><![CDATA[WebDriverError: chrome not reachable
  (Session info: chrome=110.0.5481.77)
  (Driver info: chromedriver=74.0.3729.6 (255758eccf3d244491b8a1317aa76e1ce10d57e9-refs/branch-heads/3729@{#29}),platform=Linux 5.4.0-120-generic x86_64)
    at Object.checkLegacyResponse (node_modules/mocha-webdriver/node_modules/selenium-webdriver/lib/error.js:553:15)
    at parseHttpResponse (node_modules/mocha-webdriver/node_modules/selenium-webdriver/lib/http.js:663:13)
    at Executor.execute (node_modules/mocha-webdriver/node_modules/selenium-webdriver/lib/http.js:597:28)
    at runMicrotasks (&#x3C;anonymous&#x3E;)
    at processTicksAndRejections (node:internal/process/task_queues:96:5)
    at Driver.execute (node_modules/mocha-webdriver/node_modules/selenium-webdriver/lib/webdriver.js:731:17)
    at Context.&#x3C;anonymous&#x3E; (test/nbrowser/testUtils.ts:114:19)
    at [enhanced] Driver.getAllWindowHandles (node_modules/mocha-webdriver/node_modules/selenium-webdriver/lib/webdriver.js:944:17)
    at [enhanced] Context.&#x3C;anonymous&#x3E; (test/nbrowser/testUtils.ts:114:32)]]></failure></testcase>
<testcase classname="RightPanel" name="&#x22;after all&#x22; hook" time="0.004"><failure message="chrome not reachable
  (Session info: chrome=110.0.5481.77)
  (Driver info: chromedriver=74.0.3729.6 (255758eccf3d244491b8a1317aa76e1ce10d57e9-refs/branch-heads/3729@{#29}),platform=Linux 5.4.0-120-generic x86_64)"><![CDATA[WebDriverError: chrome not reachable
  (Session info: chrome=110.0.5481.77)
  (Driver info: chromedriver=74.0.3729.6 (255758eccf3d244491b8a1317aa76e1ce10d57e9-refs/branch-heads/3729@{#29}),platform=Linux 5.4.0-120-generic x86_64)
    at Object.checkLegacyResponse (node_modules/mocha-webdriver/node_modules/selenium-webdriver/lib/error.js:553:15)
    at parseHttpResponse (node_modules/mocha-webdriver/node_modules/selenium-webdriver/lib/http.js:663:13)
    at Executor.execute (node_modules/mocha-webdriver/node_modules/selenium-webdriver/lib/http.js:597:28)
    at runMicrotasks (&#x3C;anonymous&#x3E;)
    at processTicksAndRejections (node:internal/process/task_queues:96:5)
    at Driver.execute (node_modules/mocha-webdriver/node_modules/selenium-webdriver/lib/webdriver.js:731:17)
    at Context.&#x3C;anonymous&#x3E; (test/nbrowser/testUtils.ts:117:22)
    at [enhanced] Driver.getAllWindowHandles (node_modules/mocha-webdriver/node_modules/selenium-webdriver/lib/webdriver.js:944:17)
    at [enhanced] Context.&#x3C;anonymous&#x3E; (test/nbrowser/testUtils.ts:117:35)
    at [enhanced] processImmediate (node:internal/timers:466:21)]]></failure></testcase>
<testcase classname="RightPanelSelectBy" name="&#x22;before all&#x22; hook" time="0.004"><failure message="chrome not reachable
  (Session info: chrome=110.0.5481.77)
  (Driver info: chromedriver=74.0.3729.6 (255758eccf3d244491b8a1317aa76e1ce10d57e9-refs/branch-heads/3729@{#29}),platform=Linux 5.4.0-120-generic x86_64)"><![CDATA[WebDriverError: chrome not reachable
  (Session info: chrome=110.0.5481.77)
  (Driver info: chromedriver=74.0.3729.6 (255758eccf3d244491b8a1317aa76e1ce10d57e9-refs/branch-heads/3729@{#29}),platform=Linux 5.4.0-120-generic x86_64)
    at Object.checkLegacyResponse (node_modules/mocha-webdriver/node_modules/selenium-webdriver/lib/error.js:553:15)
    at parseHttpResponse (node_modules/mocha-webdriver/node_modules/selenium-webdriver/lib/http.js:663:13)
    at Executor.execute (node_modules/mocha-webdriver/node_modules/selenium-webdriver/lib/http.js:597:28)
    at runMicrotasks (&#x3C;anonymous&#x3E;)
    at processTicksAndRejections (node:internal/process/task_queues:96:5)
    at Driver.execute (node_modules/mocha-webdriver/node_modules/selenium-webdriver/lib/webdriver.js:731:17)
    at Context.&#x3C;anonymous&#x3E; (test/nbrowser/testUtils.ts:114:19)
    at [enhanced] Driver.getAllWindowHandles (node_modules/mocha-webdriver/node_modules/selenium-webdriver/lib/webdriver.js:944:17)
    at [enhanced] Context.&#x3C;anonymous&#x3E; (test/nbrowser/testUtils.ts:114:32)]]></failure></testcase>
<testcase classname="RightPanelSelectBy" name="&#x22;after all&#x22; hook" time="0.003"><failure message="chrome not reachable
  (Session info: chrome=110.0.5481.77)
  (Driver info: chromedriver=74.0.3729.6 (255758eccf3d244491b8a1317aa76e1ce10d57e9-refs/branch-heads/3729@{#29}),platform=Linux 5.4.0-120-generic x86_64)"><![CDATA[WebDriverError: chrome not reachable
  (Session info: chrome=110.0.5481.77)
  (Driver info: chromedriver=74.0.3729.6 (255758eccf3d244491b8a1317aa76e1ce10d57e9-refs/branch-heads/3729@{#29}),platform=Linux 5.4.0-120-generic x86_64)
    at Object.checkLegacyResponse (node_modules/mocha-webdriver/node_modules/selenium-webdriver/lib/error.js:553:15)
    at parseHttpResponse (node_modules/mocha-webdriver/node_modules/selenium-webdriver/lib/http.js:663:13)
    at Executor.execute (node_modules/mocha-webdriver/node_modules/selenium-webdriver/lib/http.js:597:28)
    at runMicrotasks (&#x3C;anonymous&#x3E;)
    at processTicksAndRejections (node:internal/process/task_queues:96:5)
    at Driver.execute (node_modules/mocha-webdriver/node_modules/selenium-webdriver/lib/webdriver.js:731:17)
    at Context.&#x3C;anonymous&#x3E; (test/nbrowser/testUtils.ts:117:22)
    at [enhanced] Driver.getAllWindowHandles (node_modules/mocha-webdriver/node_modules/selenium-webdriver/lib/webdriver.js:944:17)
    at [enhanced] Context.&#x3C;anonymous&#x3E; (test/nbrowser/testUtils.ts:117:35)
    at [enhanced] processImmediate (node:internal/timers:466:21)]]></failure></testcase>
<testcase classname="RowMenu" name="&#x22;before all&#x22; hook" time="0.003"><failure message="chrome not reachable
  (Session info: chrome=110.0.5481.77)
  (Driver info: chromedriver=74.0.3729.6 (255758eccf3d244491b8a1317aa76e1ce10d57e9-refs/branch-heads/3729@{#29}),platform=Linux 5.4.0-120-generic x86_64)"><![CDATA[WebDriverError: chrome not reachable
  (Session info: chrome=110.0.5481.77)
  (Driver info: chromedriver=74.0.3729.6 (255758eccf3d244491b8a1317aa76e1ce10d57e9-refs/branch-heads/3729@{#29}),platform=Linux 5.4.0-120-generic x86_64)
    at Object.checkLegacyResponse (node_modules/mocha-webdriver/node_modules/selenium-webdriver/lib/error.js:553:15)
    at parseHttpResponse (node_modules/mocha-webdriver/node_modules/selenium-webdriver/lib/http.js:663:13)
    at Executor.execute (node_modules/mocha-webdriver/node_modules/selenium-webdriver/lib/http.js:597:28)
    at runMicrotasks (&#x3C;anonymous&#x3E;)
    at processTicksAndRejections (node:internal/process/task_queues:96:5)
    at Driver.execute (node_modules/mocha-webdriver/node_modules/selenium-webdriver/lib/webdriver.js:731:17)
    at Context.&#x3C;anonymous&#x3E; (test/nbrowser/testUtils.ts:114:19)
    at [enhanced] Driver.getAllWindowHandles (node_modules/mocha-webdriver/node_modules/selenium-webdriver/lib/webdriver.js:944:17)
    at [enhanced] Context.&#x3C;anonymous&#x3E; (test/nbrowser/testUtils.ts:114:32)]]></failure></testcase>
<testcase classname="RowMenu" name="&#x22;after all&#x22; hook" time="0.004"><failure message="chrome not reachable
  (Session info: chrome=110.0.5481.77)
  (Driver info: chromedriver=74.0.3729.6 (255758eccf3d244491b8a1317aa76e1ce10d57e9-refs/branch-heads/3729@{#29}),platform=Linux 5.4.0-120-generic x86_64)"><![CDATA[WebDriverError: chrome not reachable
  (Session info: chrome=110.0.5481.77)
  (Driver info: chromedriver=74.0.3729.6 (255758eccf3d244491b8a1317aa76e1ce10d57e9-refs/branch-heads/3729@{#29}),platform=Linux 5.4.0-120-generic x86_64)
    at Object.checkLegacyResponse (node_modules/mocha-webdriver/node_modules/selenium-webdriver/lib/error.js:553:15)
    at parseHttpResponse (node_modules/mocha-webdriver/node_modules/selenium-webdriver/lib/http.js:663:13)
    at Executor.execute (node_modules/mocha-webdriver/node_modules/selenium-webdriver/lib/http.js:597:28)
    at runMicrotasks (&#x3C;anonymous&#x3E;)
    at processTicksAndRejections (node:internal/process/task_queues:96:5)
    at Driver.execute (node_modules/mocha-webdriver/node_modules/selenium-webdriver/lib/webdriver.js:731:17)
    at Context.&#x3C;anonymous&#x3E; (test/nbrowser/testUtils.ts:117:22)
    at [enhanced] Driver.getAllWindowHandles (node_modules/mocha-webdriver/node_modules/selenium-webdriver/lib/webdriver.js:944:17)
    at [enhanced] Context.&#x3C;anonymous&#x3E; (test/nbrowser/testUtils.ts:117:35)
    at [enhanced] processImmediate (node:internal/timers:466:21)]]></failure></testcase>
<testcase classname="saveViewSection" name="&#x22;before all&#x22; hook" time="0.005"><failure message="chrome not reachable
  (Session info: chrome=110.0.5481.77)
  (Driver info: chromedriver=74.0.3729.6 (255758eccf3d244491b8a1317aa76e1ce10d57e9-refs/branch-heads/3729@{#29}),platform=Linux 5.4.0-120-generic x86_64)"><![CDATA[WebDriverError: chrome not reachable
  (Session info: chrome=110.0.5481.77)
  (Driver info: chromedriver=74.0.3729.6 (255758eccf3d244491b8a1317aa76e1ce10d57e9-refs/branch-heads/3729@{#29}),platform=Linux 5.4.0-120-generic x86_64)
    at Object.checkLegacyResponse (node_modules/mocha-webdriver/node_modules/selenium-webdriver/lib/error.js:553:15)
    at parseHttpResponse (node_modules/mocha-webdriver/node_modules/selenium-webdriver/lib/http.js:663:13)
    at Executor.execute (node_modules/mocha-webdriver/node_modules/selenium-webdriver/lib/http.js:597:28)
    at runMicrotasks (&#x3C;anonymous&#x3E;)
    at processTicksAndRejections (node:internal/process/task_queues:96:5)
    at Driver.execute (node_modules/mocha-webdriver/node_modules/selenium-webdriver/lib/webdriver.js:731:17)
    at Context.&#x3C;anonymous&#x3E; (test/nbrowser/testUtils.ts:114:19)
    at [enhanced] Driver.getAllWindowHandles (node_modules/mocha-webdriver/node_modules/selenium-webdriver/lib/webdriver.js:944:17)
    at [enhanced] Context.&#x3C;anonymous&#x3E; (test/nbrowser/testUtils.ts:114:32)]]></failure></testcase>
<testcase classname="saveViewSection" name="&#x22;after all&#x22; hook" time="0.003"><failure message="chrome not reachable
  (Session info: chrome=110.0.5481.77)
  (Driver info: chromedriver=74.0.3729.6 (255758eccf3d244491b8a1317aa76e1ce10d57e9-refs/branch-heads/3729@{#29}),platform=Linux 5.4.0-120-generic x86_64)"><![CDATA[WebDriverError: chrome not reachable
  (Session info: chrome=110.0.5481.77)
  (Driver info: chromedriver=74.0.3729.6 (255758eccf3d244491b8a1317aa76e1ce10d57e9-refs/branch-heads/3729@{#29}),platform=Linux 5.4.0-120-generic x86_64)
    at Object.checkLegacyResponse (node_modules/mocha-webdriver/node_modules/selenium-webdriver/lib/error.js:553:15)
    at parseHttpResponse (node_modules/mocha-webdriver/node_modules/selenium-webdriver/lib/http.js:663:13)
    at Executor.execute (node_modules/mocha-webdriver/node_modules/selenium-webdriver/lib/http.js:597:28)
    at runMicrotasks (&#x3C;anonymous&#x3E;)
    at processTicksAndRejections (node:internal/process/task_queues:96:5)
    at Driver.execute (node_modules/mocha-webdriver/node_modules/selenium-webdriver/lib/webdriver.js:731:17)
    at Context.&#x3C;anonymous&#x3E; (test/nbrowser/testUtils.ts:117:22)
    at [enhanced] Driver.getAllWindowHandles (node_modules/mocha-webdriver/node_modules/selenium-webdriver/lib/webdriver.js:944:17)
    at [enhanced] Context.&#x3C;anonymous&#x3E; (test/nbrowser/testUtils.ts:117:35)
    at [enhanced] processImmediate (node:internal/timers:466:21)]]></failure></testcase>
<testcase classname="SelectBy" name="&#x22;before all&#x22; hook" time="0.005"><failure message="chrome not reachable
  (Session info: chrome=110.0.5481.77)
  (Driver info: chromedriver=74.0.3729.6 (255758eccf3d244491b8a1317aa76e1ce10d57e9-refs/branch-heads/3729@{#29}),platform=Linux 5.4.0-120-generic x86_64)"><![CDATA[WebDriverError: chrome not reachable
  (Session info: chrome=110.0.5481.77)
  (Driver info: chromedriver=74.0.3729.6 (255758eccf3d244491b8a1317aa76e1ce10d57e9-refs/branch-heads/3729@{#29}),platform=Linux 5.4.0-120-generic x86_64)
    at Object.checkLegacyResponse (node_modules/mocha-webdriver/node_modules/selenium-webdriver/lib/error.js:553:15)
    at parseHttpResponse (node_modules/mocha-webdriver/node_modules/selenium-webdriver/lib/http.js:663:13)
    at Executor.execute (node_modules/mocha-webdriver/node_modules/selenium-webdriver/lib/http.js:597:28)
    at runMicrotasks (&#x3C;anonymous&#x3E;)
    at processTicksAndRejections (node:internal/process/task_queues:96:5)
    at Driver.execute (node_modules/mocha-webdriver/node_modules/selenium-webdriver/lib/webdriver.js:731:17)
    at Context.&#x3C;anonymous&#x3E; (test/nbrowser/testUtils.ts:114:19)
    at [enhanced] Driver.getAllWindowHandles (node_modules/mocha-webdriver/node_modules/selenium-webdriver/lib/webdriver.js:944:17)
    at [enhanced] Context.&#x3C;anonymous&#x3E; (test/nbrowser/testUtils.ts:114:32)]]></failure></testcase>
<testcase classname="SelectBy" name="&#x22;after all&#x22; hook" time="0.004"><failure message="chrome not reachable
  (Session info: chrome=110.0.5481.77)
  (Driver info: chromedriver=74.0.3729.6 (255758eccf3d244491b8a1317aa76e1ce10d57e9-refs/branch-heads/3729@{#29}),platform=Linux 5.4.0-120-generic x86_64)"><![CDATA[WebDriverError: chrome not reachable
  (Session info: chrome=110.0.5481.77)
  (Driver info: chromedriver=74.0.3729.6 (255758eccf3d244491b8a1317aa76e1ce10d57e9-refs/branch-heads/3729@{#29}),platform=Linux 5.4.0-120-generic x86_64)
    at Object.checkLegacyResponse (node_modules/mocha-webdriver/node_modules/selenium-webdriver/lib/error.js:553:15)
    at parseHttpResponse (node_modules/mocha-webdriver/node_modules/selenium-webdriver/lib/http.js:663:13)
    at Executor.execute (node_modules/mocha-webdriver/node_modules/selenium-webdriver/lib/http.js:597:28)
    at runMicrotasks (&#x3C;anonymous&#x3E;)
    at processTicksAndRejections (node:internal/process/task_queues:96:5)
    at Driver.execute (node_modules/mocha-webdriver/node_modules/selenium-webdriver/lib/webdriver.js:731:17)
    at Context.&#x3C;anonymous&#x3E; (test/nbrowser/testUtils.ts:117:22)
    at [enhanced] Driver.getAllWindowHandles (node_modules/mocha-webdriver/node_modules/selenium-webdriver/lib/webdriver.js:944:17)
    at [enhanced] Context.&#x3C;anonymous&#x3E; (test/nbrowser/testUtils.ts:117:35)
    at [enhanced] processImmediate (node:internal/timers:466:21)]]></failure></testcase>
<testcase classname="SelectByRefList" name="&#x22;before all&#x22; hook" time="0.003"><failure message="chrome not reachable
  (Session info: chrome=110.0.5481.77)
  (Driver info: chromedriver=74.0.3729.6 (255758eccf3d244491b8a1317aa76e1ce10d57e9-refs/branch-heads/3729@{#29}),platform=Linux 5.4.0-120-generic x86_64)"><![CDATA[WebDriverError: chrome not reachable
  (Session info: chrome=110.0.5481.77)
  (Driver info: chromedriver=74.0.3729.6 (255758eccf3d244491b8a1317aa76e1ce10d57e9-refs/branch-heads/3729@{#29}),platform=Linux 5.4.0-120-generic x86_64)
    at Object.checkLegacyResponse (node_modules/mocha-webdriver/node_modules/selenium-webdriver/lib/error.js:553:15)
    at parseHttpResponse (node_modules/mocha-webdriver/node_modules/selenium-webdriver/lib/http.js:663:13)
    at Executor.execute (node_modules/mocha-webdriver/node_modules/selenium-webdriver/lib/http.js:597:28)
    at runMicrotasks (&#x3C;anonymous&#x3E;)
    at processTicksAndRejections (node:internal/process/task_queues:96:5)
    at Driver.execute (node_modules/mocha-webdriver/node_modules/selenium-webdriver/lib/webdriver.js:731:17)
    at Context.&#x3C;anonymous&#x3E; (test/nbrowser/testUtils.ts:114:19)
    at [enhanced] Driver.getAllWindowHandles (node_modules/mocha-webdriver/node_modules/selenium-webdriver/lib/webdriver.js:944:17)
    at [enhanced] Context.&#x3C;anonymous&#x3E; (test/nbrowser/testUtils.ts:114:32)]]></failure></testcase>
<testcase classname="SelectByRefList" name="&#x22;after all&#x22; hook" time="0.006"><failure message="chrome not reachable
  (Session info: chrome=110.0.5481.77)
  (Driver info: chromedriver=74.0.3729.6 (255758eccf3d244491b8a1317aa76e1ce10d57e9-refs/branch-heads/3729@{#29}),platform=Linux 5.4.0-120-generic x86_64)"><![CDATA[WebDriverError: chrome not reachable
  (Session info: chrome=110.0.5481.77)
  (Driver info: chromedriver=74.0.3729.6 (255758eccf3d244491b8a1317aa76e1ce10d57e9-refs/branch-heads/3729@{#29}),platform=Linux 5.4.0-120-generic x86_64)
    at Object.checkLegacyResponse (node_modules/mocha-webdriver/node_modules/selenium-webdriver/lib/error.js:553:15)
    at parseHttpResponse (node_modules/mocha-webdriver/node_modules/selenium-webdriver/lib/http.js:663:13)
    at Executor.execute (node_modules/mocha-webdriver/node_modules/selenium-webdriver/lib/http.js:597:28)
    at runMicrotasks (&#x3C;anonymous&#x3E;)
    at processTicksAndRejections (node:internal/process/task_queues:96:5)
    at Driver.execute (node_modules/mocha-webdriver/node_modules/selenium-webdriver/lib/webdriver.js:731:17)
    at Context.&#x3C;anonymous&#x3E; (test/nbrowser/testUtils.ts:117:22)
    at [enhanced] Driver.getAllWindowHandles (node_modules/mocha-webdriver/node_modules/selenium-webdriver/lib/webdriver.js:944:17)
    at [enhanced] Context.&#x3C;anonymous&#x3E; (test/nbrowser/testUtils.ts:117:35)
    at [enhanced] processImmediate (node:internal/timers:466:21)]]></failure></testcase>
<testcase classname="SelectByRightPanel" name="&#x22;before all&#x22; hook" time="0.004"><failure message="chrome not reachable
  (Session info: chrome=110.0.5481.77)
  (Driver info: chromedriver=74.0.3729.6 (255758eccf3d244491b8a1317aa76e1ce10d57e9-refs/branch-heads/3729@{#29}),platform=Linux 5.4.0-120-generic x86_64)"><![CDATA[WebDriverError: chrome not reachable
  (Session info: chrome=110.0.5481.77)
  (Driver info: chromedriver=74.0.3729.6 (255758eccf3d244491b8a1317aa76e1ce10d57e9-refs/branch-heads/3729@{#29}),platform=Linux 5.4.0-120-generic x86_64)
    at Object.checkLegacyResponse (node_modules/mocha-webdriver/node_modules/selenium-webdriver/lib/error.js:553:15)
    at parseHttpResponse (node_modules/mocha-webdriver/node_modules/selenium-webdriver/lib/http.js:663:13)
    at Executor.execute (node_modules/mocha-webdriver/node_modules/selenium-webdriver/lib/http.js:597:28)
    at runMicrotasks (&#x3C;anonymous&#x3E;)
    at processTicksAndRejections (node:internal/process/task_queues:96:5)
    at Driver.execute (node_modules/mocha-webdriver/node_modules/selenium-webdriver/lib/webdriver.js:731:17)
    at Context.&#x3C;anonymous&#x3E; (test/nbrowser/testUtils.ts:114:19)
    at [enhanced] Driver.getAllWindowHandles (node_modules/mocha-webdriver/node_modules/selenium-webdriver/lib/webdriver.js:944:17)
    at [enhanced] Context.&#x3C;anonymous&#x3E; (test/nbrowser/testUtils.ts:114:32)]]></failure></testcase>
<testcase classname="SelectByRightPanel" name="&#x22;after all&#x22; hook" time="0.003"><failure message="chrome not reachable
  (Session info: chrome=110.0.5481.77)
  (Driver info: chromedriver=74.0.3729.6 (255758eccf3d244491b8a1317aa76e1ce10d57e9-refs/branch-heads/3729@{#29}),platform=Linux 5.4.0-120-generic x86_64)"><![CDATA[WebDriverError: chrome not reachable
  (Session info: chrome=110.0.5481.77)
  (Driver info: chromedriver=74.0.3729.6 (255758eccf3d244491b8a1317aa76e1ce10d57e9-refs/branch-heads/3729@{#29}),platform=Linux 5.4.0-120-generic x86_64)
    at Object.checkLegacyResponse (node_modules/mocha-webdriver/node_modules/selenium-webdriver/lib/error.js:553:15)
    at parseHttpResponse (node_modules/mocha-webdriver/node_modules/selenium-webdriver/lib/http.js:663:13)
    at Executor.execute (node_modules/mocha-webdriver/node_modules/selenium-webdriver/lib/http.js:597:28)
    at runMicrotasks (&#x3C;anonymous&#x3E;)
    at processTicksAndRejections (node:internal/process/task_queues:96:5)
    at Driver.execute (node_modules/mocha-webdriver/node_modules/selenium-webdriver/lib/webdriver.js:731:17)
    at Context.&#x3C;anonymous&#x3E; (test/nbrowser/testUtils.ts:117:22)
    at [enhanced] Driver.getAllWindowHandles (node_modules/mocha-webdriver/node_modules/selenium-webdriver/lib/webdriver.js:944:17)
    at [enhanced] Context.&#x3C;anonymous&#x3E; (test/nbrowser/testUtils.ts:117:35)
    at [enhanced] processImmediate (node:internal/timers:466:21)]]></failure></testcase>
<testcase classname="SelectBySummary" name="&#x22;before all&#x22; hook" time="0.005"><failure message="chrome not reachable
  (Session info: chrome=110.0.5481.77)
  (Driver info: chromedriver=74.0.3729.6 (255758eccf3d244491b8a1317aa76e1ce10d57e9-refs/branch-heads/3729@{#29}),platform=Linux 5.4.0-120-generic x86_64)"><![CDATA[WebDriverError: chrome not reachable
  (Session info: chrome=110.0.5481.77)
  (Driver info: chromedriver=74.0.3729.6 (255758eccf3d244491b8a1317aa76e1ce10d57e9-refs/branch-heads/3729@{#29}),platform=Linux 5.4.0-120-generic x86_64)
    at Object.checkLegacyResponse (node_modules/mocha-webdriver/node_modules/selenium-webdriver/lib/error.js:553:15)
    at parseHttpResponse (node_modules/mocha-webdriver/node_modules/selenium-webdriver/lib/http.js:663:13)
    at Executor.execute (node_modules/mocha-webdriver/node_modules/selenium-webdriver/lib/http.js:597:28)
    at runMicrotasks (&#x3C;anonymous&#x3E;)
    at processTicksAndRejections (node:internal/process/task_queues:96:5)
    at Driver.execute (node_modules/mocha-webdriver/node_modules/selenium-webdriver/lib/webdriver.js:731:17)
    at Context.&#x3C;anonymous&#x3E; (test/nbrowser/testUtils.ts:114:19)
    at [enhanced] Driver.getAllWindowHandles (node_modules/mocha-webdriver/node_modules/selenium-webdriver/lib/webdriver.js:944:17)
    at [enhanced] Context.&#x3C;anonymous&#x3E; (test/nbrowser/testUtils.ts:114:32)]]></failure></testcase>
<testcase classname="SelectBySummary" name="&#x22;after all&#x22; hook" time="0.006"><failure message="chrome not reachable
  (Session info: chrome=110.0.5481.77)
  (Driver info: chromedriver=74.0.3729.6 (255758eccf3d244491b8a1317aa76e1ce10d57e9-refs/branch-heads/3729@{#29}),platform=Linux 5.4.0-120-generic x86_64)"><![CDATA[WebDriverError: chrome not reachable
  (Session info: chrome=110.0.5481.77)
  (Driver info: chromedriver=74.0.3729.6 (255758eccf3d244491b8a1317aa76e1ce10d57e9-refs/branch-heads/3729@{#29}),platform=Linux 5.4.0-120-generic x86_64)
    at Object.checkLegacyResponse (node_modules/mocha-webdriver/node_modules/selenium-webdriver/lib/error.js:553:15)
    at parseHttpResponse (node_modules/mocha-webdriver/node_modules/selenium-webdriver/lib/http.js:663:13)
    at Executor.execute (node_modules/mocha-webdriver/node_modules/selenium-webdriver/lib/http.js:597:28)
    at runMicrotasks (&#x3C;anonymous&#x3E;)
    at processTicksAndRejections (node:internal/process/task_queues:96:5)
    at Driver.execute (node_modules/mocha-webdriver/node_modules/selenium-webdriver/lib/webdriver.js:731:17)
    at Context.&#x3C;anonymous&#x3E; (test/nbrowser/testUtils.ts:117:22)
    at [enhanced] Driver.getAllWindowHandles (node_modules/mocha-webdriver/node_modules/selenium-webdriver/lib/webdriver.js:944:17)
    at [enhanced] Context.&#x3C;anonymous&#x3E; (test/nbrowser/testUtils.ts:117:35)
    at [enhanced] processImmediate (node:internal/timers:466:21)]]></failure></testcase>
<testcase classname="SelectBySummaryRef" name="&#x22;before all&#x22; hook" time="0.004"><failure message="chrome not reachable
  (Session info: chrome=110.0.5481.77)
  (Driver info: chromedriver=74.0.3729.6 (255758eccf3d244491b8a1317aa76e1ce10d57e9-refs/branch-heads/3729@{#29}),platform=Linux 5.4.0-120-generic x86_64)"><![CDATA[WebDriverError: chrome not reachable
  (Session info: chrome=110.0.5481.77)
  (Driver info: chromedriver=74.0.3729.6 (255758eccf3d244491b8a1317aa76e1ce10d57e9-refs/branch-heads/3729@{#29}),platform=Linux 5.4.0-120-generic x86_64)
    at Object.checkLegacyResponse (node_modules/mocha-webdriver/node_modules/selenium-webdriver/lib/error.js:553:15)
    at parseHttpResponse (node_modules/mocha-webdriver/node_modules/selenium-webdriver/lib/http.js:663:13)
    at Executor.execute (node_modules/mocha-webdriver/node_modules/selenium-webdriver/lib/http.js:597:28)
    at runMicrotasks (&#x3C;anonymous&#x3E;)
    at processTicksAndRejections (node:internal/process/task_queues:96:5)
    at Driver.execute (node_modules/mocha-webdriver/node_modules/selenium-webdriver/lib/webdriver.js:731:17)
    at Context.&#x3C;anonymous&#x3E; (test/nbrowser/testUtils.ts:114:19)
    at [enhanced] Driver.getAllWindowHandles (node_modules/mocha-webdriver/node_modules/selenium-webdriver/lib/webdriver.js:944:17)
    at [enhanced] Context.&#x3C;anonymous&#x3E; (test/nbrowser/testUtils.ts:114:32)]]></failure></testcase>
<testcase classname="SelectBySummaryRef" name="&#x22;after all&#x22; hook" time="0.007"><failure message="chrome not reachable
  (Session info: chrome=110.0.5481.77)
  (Driver info: chromedriver=74.0.3729.6 (255758eccf3d244491b8a1317aa76e1ce10d57e9-refs/branch-heads/3729@{#29}),platform=Linux 5.4.0-120-generic x86_64)"><![CDATA[WebDriverError: chrome not reachable
  (Session info: chrome=110.0.5481.77)
  (Driver info: chromedriver=74.0.3729.6 (255758eccf3d244491b8a1317aa76e1ce10d57e9-refs/branch-heads/3729@{#29}),platform=Linux 5.4.0-120-generic x86_64)
    at Object.checkLegacyResponse (node_modules/mocha-webdriver/node_modules/selenium-webdriver/lib/error.js:553:15)
    at parseHttpResponse (node_modules/mocha-webdriver/node_modules/selenium-webdriver/lib/http.js:663:13)
    at Executor.execute (node_modules/mocha-webdriver/node_modules/selenium-webdriver/lib/http.js:597:28)
    at runMicrotasks (&#x3C;anonymous&#x3E;)
    at processTicksAndRejections (node:internal/process/task_queues:96:5)
    at Driver.execute (node_modules/mocha-webdriver/node_modules/selenium-webdriver/lib/webdriver.js:731:17)
    at Context.&#x3C;anonymous&#x3E; (test/nbrowser/testUtils.ts:117:22)
    at [enhanced] Driver.getAllWindowHandles (node_modules/mocha-webdriver/node_modules/selenium-webdriver/lib/webdriver.js:944:17)
    at [enhanced] Context.&#x3C;anonymous&#x3E; (test/nbrowser/testUtils.ts:117:35)
    at [enhanced] processImmediate (node:internal/timers:466:21)]]></failure></testcase>
<testcase classname="SelectionSummary" name="&#x22;before all&#x22; hook" time="0.003"><failure message="chrome not reachable
  (Session info: chrome=110.0.5481.77)
  (Driver info: chromedriver=74.0.3729.6 (255758eccf3d244491b8a1317aa76e1ce10d57e9-refs/branch-heads/3729@{#29}),platform=Linux 5.4.0-120-generic x86_64)"><![CDATA[WebDriverError: chrome not reachable
  (Session info: chrome=110.0.5481.77)
  (Driver info: chromedriver=74.0.3729.6 (255758eccf3d244491b8a1317aa76e1ce10d57e9-refs/branch-heads/3729@{#29}),platform=Linux 5.4.0-120-generic x86_64)
    at Object.checkLegacyResponse (node_modules/mocha-webdriver/node_modules/selenium-webdriver/lib/error.js:553:15)
    at parseHttpResponse (node_modules/mocha-webdriver/node_modules/selenium-webdriver/lib/http.js:663:13)
    at Executor.execute (node_modules/mocha-webdriver/node_modules/selenium-webdriver/lib/http.js:597:28)
    at runMicrotasks (&#x3C;anonymous&#x3E;)
    at processTicksAndRejections (node:internal/process/task_queues:96:5)
    at Driver.execute (node_modules/mocha-webdriver/node_modules/selenium-webdriver/lib/webdriver.js:731:17)
    at Context.&#x3C;anonymous&#x3E; (test/nbrowser/testUtils.ts:114:19)
    at [enhanced] Driver.getAllWindowHandles (node_modules/mocha-webdriver/node_modules/selenium-webdriver/lib/webdriver.js:944:17)
    at [enhanced] Context.&#x3C;anonymous&#x3E; (test/nbrowser/testUtils.ts:114:32)]]></failure></testcase>
<testcase classname="SelectionSummary" name="&#x22;after all&#x22; hook" time="0.003"><failure message="chrome not reachable
  (Session info: chrome=110.0.5481.77)
  (Driver info: chromedriver=74.0.3729.6 (255758eccf3d244491b8a1317aa76e1ce10d57e9-refs/branch-heads/3729@{#29}),platform=Linux 5.4.0-120-generic x86_64)"><![CDATA[WebDriverError: chrome not reachable
  (Session info: chrome=110.0.5481.77)
  (Driver info: chromedriver=74.0.3729.6 (255758eccf3d244491b8a1317aa76e1ce10d57e9-refs/branch-heads/3729@{#29}),platform=Linux 5.4.0-120-generic x86_64)
    at Object.checkLegacyResponse (node_modules/mocha-webdriver/node_modules/selenium-webdriver/lib/error.js:553:15)
    at parseHttpResponse (node_modules/mocha-webdriver/node_modules/selenium-webdriver/lib/http.js:663:13)
    at Executor.execute (node_modules/mocha-webdriver/node_modules/selenium-webdriver/lib/http.js:597:28)
    at runMicrotasks (&#x3C;anonymous&#x3E;)
    at processTicksAndRejections (node:internal/process/task_queues:96:5)
    at Driver.execute (node_modules/mocha-webdriver/node_modules/selenium-webdriver/lib/webdriver.js:731:17)
    at Context.&#x3C;anonymous&#x3E; (test/nbrowser/testUtils.ts:117:22)
    at [enhanced] Driver.getAllWindowHandles (node_modules/mocha-webdriver/node_modules/selenium-webdriver/lib/webdriver.js:944:17)
    at [enhanced] Context.&#x3C;anonymous&#x3E; (test/nbrowser/testUtils.ts:117:35)
    at [enhanced] processImmediate (node:internal/timers:466:21)]]></failure></testcase>
<testcase classname="Smoke" name="&#x22;before all&#x22; hook" time="0.007"><failure message="chrome not reachable
  (Session info: chrome=110.0.5481.77)
  (Driver info: chromedriver=74.0.3729.6 (255758eccf3d244491b8a1317aa76e1ce10d57e9-refs/branch-heads/3729@{#29}),platform=Linux 5.4.0-120-generic x86_64)"><![CDATA[WebDriverError: chrome not reachable
  (Session info: chrome=110.0.5481.77)
  (Driver info: chromedriver=74.0.3729.6 (255758eccf3d244491b8a1317aa76e1ce10d57e9-refs/branch-heads/3729@{#29}),platform=Linux 5.4.0-120-generic x86_64)
    at Object.checkLegacyResponse (node_modules/mocha-webdriver/node_modules/selenium-webdriver/lib/error.js:553:15)
    at parseHttpResponse (node_modules/mocha-webdriver/node_modules/selenium-webdriver/lib/http.js:663:13)
    at Executor.execute (node_modules/mocha-webdriver/node_modules/selenium-webdriver/lib/http.js:597:28)
    at runMicrotasks (&#x3C;anonymous&#x3E;)
    at processTicksAndRejections (node:internal/process/task_queues:96:5)
    at Driver.execute (node_modules/mocha-webdriver/node_modules/selenium-webdriver/lib/webdriver.js:731:17)
    at Context.&#x3C;anonymous&#x3E; (test/nbrowser/testUtils.ts:114:19)
    at [enhanced] Driver.getAllWindowHandles (node_modules/mocha-webdriver/node_modules/selenium-webdriver/lib/webdriver.js:944:17)
    at [enhanced] Context.&#x3C;anonymous&#x3E; (test/nbrowser/testUtils.ts:114:32)]]></failure></testcase>
<testcase classname="Smoke" name="&#x22;after all&#x22; hook" time="0.004"><failure message="chrome not reachable
  (Session info: chrome=110.0.5481.77)
  (Driver info: chromedriver=74.0.3729.6 (255758eccf3d244491b8a1317aa76e1ce10d57e9-refs/branch-heads/3729@{#29}),platform=Linux 5.4.0-120-generic x86_64)"><![CDATA[WebDriverError: chrome not reachable
  (Session info: chrome=110.0.5481.77)
  (Driver info: chromedriver=74.0.3729.6 (255758eccf3d244491b8a1317aa76e1ce10d57e9-refs/branch-heads/3729@{#29}),platform=Linux 5.4.0-120-generic x86_64)
    at Object.checkLegacyResponse (node_modules/mocha-webdriver/node_modules/selenium-webdriver/lib/error.js:553:15)
    at parseHttpResponse (node_modules/mocha-webdriver/node_modules/selenium-webdriver/lib/http.js:663:13)
    at Executor.execute (node_modules/mocha-webdriver/node_modules/selenium-webdriver/lib/http.js:597:28)
    at runMicrotasks (&#x3C;anonymous&#x3E;)
    at processTicksAndRejections (node:internal/process/task_queues:96:5)
    at Driver.execute (node_modules/mocha-webdriver/node_modules/selenium-webdriver/lib/webdriver.js:731:17)
    at Context.&#x3C;anonymous&#x3E; (test/nbrowser/testUtils.ts:117:22)
    at [enhanced] Driver.getAllWindowHandles (node_modules/mocha-webdriver/node_modules/selenium-webdriver/lib/webdriver.js:944:17)
    at [enhanced] Context.&#x3C;anonymous&#x3E; (test/nbrowser/testUtils.ts:117:35)
    at [enhanced] processImmediate (node:internal/timers:466:21)]]></failure></testcase>
<testcase classname="ToggleColumns" name="&#x22;before all&#x22; hook" time="0.004"><failure message="chrome not reachable
  (Session info: chrome=110.0.5481.77)
  (Driver info: chromedriver=74.0.3729.6 (255758eccf3d244491b8a1317aa76e1ce10d57e9-refs/branch-heads/3729@{#29}),platform=Linux 5.4.0-120-generic x86_64)"><![CDATA[WebDriverError: chrome not reachable
  (Session info: chrome=110.0.5481.77)
  (Driver info: chromedriver=74.0.3729.6 (255758eccf3d244491b8a1317aa76e1ce10d57e9-refs/branch-heads/3729@{#29}),platform=Linux 5.4.0-120-generic x86_64)
    at Object.checkLegacyResponse (node_modules/mocha-webdriver/node_modules/selenium-webdriver/lib/error.js:553:15)
    at parseHttpResponse (node_modules/mocha-webdriver/node_modules/selenium-webdriver/lib/http.js:663:13)
    at Executor.execute (node_modules/mocha-webdriver/node_modules/selenium-webdriver/lib/http.js:597:28)
    at runMicrotasks (&#x3C;anonymous&#x3E;)
    at processTicksAndRejections (node:internal/process/task_queues:96:5)
    at Driver.execute (node_modules/mocha-webdriver/node_modules/selenium-webdriver/lib/webdriver.js:731:17)
    at Context.&#x3C;anonymous&#x3E; (test/nbrowser/testUtils.ts:114:19)
    at [enhanced] Driver.getAllWindowHandles (node_modules/mocha-webdriver/node_modules/selenium-webdriver/lib/webdriver.js:944:17)
    at [enhanced] Context.&#x3C;anonymous&#x3E; (test/nbrowser/testUtils.ts:114:32)]]></failure></testcase>
<testcase classname="ToggleColumns" name="&#x22;after all&#x22; hook" time="0.006"><failure message="chrome not reachable
  (Session info: chrome=110.0.5481.77)
  (Driver info: chromedriver=74.0.3729.6 (255758eccf3d244491b8a1317aa76e1ce10d57e9-refs/branch-heads/3729@{#29}),platform=Linux 5.4.0-120-generic x86_64)"><![CDATA[WebDriverError: chrome not reachable
  (Session info: chrome=110.0.5481.77)
  (Driver info: chromedriver=74.0.3729.6 (255758eccf3d244491b8a1317aa76e1ce10d57e9-refs/branch-heads/3729@{#29}),platform=Linux 5.4.0-120-generic x86_64)
    at Object.checkLegacyResponse (node_modules/mocha-webdriver/node_modules/selenium-webdriver/lib/error.js:553:15)
    at parseHttpResponse (node_modules/mocha-webdriver/node_modules/selenium-webdriver/lib/http.js:663:13)
    at Executor.execute (node_modules/mocha-webdriver/node_modules/selenium-webdriver/lib/http.js:597:28)
    at runMicrotasks (&#x3C;anonymous&#x3E;)
    at processTicksAndRejections (node:internal/process/task_queues:96:5)
    at Driver.execute (node_modules/mocha-webdriver/node_modules/selenium-webdriver/lib/webdriver.js:731:17)
    at Context.&#x3C;anonymous&#x3E; (test/nbrowser/testUtils.ts:117:22)
    at [enhanced] Driver.getAllWindowHandles (node_modules/mocha-webdriver/node_modules/selenium-webdriver/lib/webdriver.js:944:17)
    at [enhanced] Context.&#x3C;anonymous&#x3E; (test/nbrowser/testUtils.ts:117:35)
    at [enhanced] processImmediate (node:internal/timers:466:21)]]></failure></testcase>
</testsuite>
